#
# A fatal error has been detected by the Java Runtime Environment:
#
#  EXCEPTION_ACCESS_VIOLATION (0xc0000005) at pc=0x0000000058525087, pid=2196, tid=0x000000000000270c
#
# JRE version: Java(TM) SE Runtime Environment (8.0_231-b11) (build 1.8.0_231-b11)
# Java VM: Java HotSpot(TM) 64-Bit Server VM (25.231-b11 mixed mode windows-amd64 compressed oops)
# Problematic frame:
# V  [jvm.dll+0x215087]
#
# Failed to write core dump. Minidumps are not enabled by default on client versions of Windows
#
# If you would like to submit a bug report, please visit:
#   http://bugreport.java.com/bugreport/crash.jsp
#

---------------  T H R E A D  ---------------

Current thread (0x000000001b674000):  JavaThread "Thread-66" [_thread_in_vm, id=9996, stack(0x0000000020140000,0x0000000020240000)]

siginfo: ExceptionCode=0xc0000005, writing address 0x000000002023a560

Registers:
RAX=0x000000002023a560, RBX=0x0000000000000006, RCX=0x0000000000005000, RDX=0x0000000000000006
RSP=0x000000002023f560, RBP=0x0000000000000000, RSI=0x000000002023f560, RDI=0x0000000000000006
R8 =0x0000000000000006, R9 =0x000000001b6909c0, R10=0x000000001712e2f0, R11=0x000000002014a148
R12=0x000000001b6909c0, R13=0x000000001b674000, R14=0x000000002023f628, R15=0x000000001712e2f0
RIP=0x0000000058525087, EFLAGS=0x0000000000010206

Top of Stack: (sp=0x000000002023f560)
0x000000002023f560:   0000000000000000 0000000100006c48
0x000000002023f570:   000000001b674000 000000001b6909c0
0x000000002023f580:   00000000ffffffff 0000000058525fb7
0x000000002023f590:   000000002023f690 000000001712e2f0
0x000000002023f5a0:   000000001b674000 00000000583d1073
0x000000002023f5b0:   000000002023f5f0 000000001b674000
0x000000002023f5c0:   000000002023f680 000000001b674000
0x000000002023f5d0:   000000001712e2f0 000000001b674000
0x000000002023f5e0:   0000000002fc3be0 000000001b674000
0x000000002023f5f0:   000000001712e2f0 000000001b674000
0x000000002023f600:   000000001712e2f0 000000001b674000
0x000000002023f610:   0000000000000001 000000001712e2f0
0x000000002023f620:   000000001b674000 0000000019e5b990
0x000000002023f630:   000000001b674000 00000000583d27dd
0x000000002023f640:   000000002023f948 0000000100006c48
0x000000002023f650:   0000000100006c48 00007ff8bbd40000 

Instructions: (pc=0x0000000058525087)
0x0000000058525067:   48 89 6c 24 30 33 ed 66 90 e8 8b 5c 08 00 ff c3
0x0000000058525077:   48 63 c8 48 8b c6 48 0f af cf 48 ff c7 48 2b c1
0x0000000058525087:   89 28 48 63 c3 48 3b 05 15 b8 59 00 7e db 48 8b
0x0000000058525097:   6c 24 30 48 8b 5c 24 38 48 8b 74 24 40 48 83 c4 


Register to memory mapping:

RAX=0x000000002023a560 is pointing into the stack for thread: 0x000000001b674000
RBX=0x0000000000000006 is an unknown value
RCX=0x0000000000005000 is an unknown value
RDX=0x0000000000000006 is an unknown value
RSP=0x000000002023f560 is pointing into the stack for thread: 0x000000001b674000
RBP=0x0000000000000000 is an unknown value
RSI=0x000000002023f560 is pointing into the stack for thread: 0x000000001b674000
RDI=0x0000000000000006 is an unknown value
R8 =0x0000000000000006 is an unknown value
R9 =0x000000001b6909c0 is an unknown value
R10={method} {0x000000001712e2f8} 'run' '()V' in 'java/lang/Thread'
R11=0x000000002014a148 is pointing into the stack for thread: 0x000000001b674000
R12=0x000000001b6909c0 is an unknown value
R13=0x000000001b674000 is a thread
R14=0x000000002023f628 is pointing into the stack for thread: 0x000000001b674000
R15={method} {0x000000001712e2f8} 'run' '()V' in 'java/lang/Thread'


Stack: [0x0000000020140000,0x0000000020240000],  sp=0x000000002023f560,  free space=1021k
Native frames: (J=compiled Java code, j=interpreted, Vv=VM code, C=native code)


---------------  P R O C E S S  ---------------

Java Threads: ( => current thread )
=>0x000000001b674000 JavaThread "Thread-66" [_thread_in_vm, id=9996, stack(0x0000000020140000,0x0000000020240000)]
  0x0000000019f15000 JavaThread "RMI Scheduler(0)" daemon [_thread_blocked, id=10912, stack(0x000000001b370000,0x000000001b470000)]
  0x0000000019434000 JavaThread "RMI TCP Connection(1)-192.168.0.104" daemon [_thread_in_native, id=4884, stack(0x000000001b270000,0x000000001b370000)]
  0x000000001910b000 JavaThread "restartedMain" [_thread_blocked, id=480, stack(0x000000001ad70000,0x000000001ae70000)]
  0x000000001910a000 JavaThread "Thread-1" [_thread_blocked, id=2500, stack(0x000000001aa70000,0x000000001ab70000)]
  0x0000000019c31000 JavaThread "RMI TCP Accept-0" daemon [_thread_in_native, id=4044, stack(0x000000001a530000,0x000000001a630000)]
  0x00000000194df800 JavaThread "Service Thread" daemon [_thread_blocked, id=9804, stack(0x00000000198f0000,0x00000000199f0000)]
  0x00000000194c0800 JavaThread "C1 CompilerThread2" daemon [_thread_blocked, id=2052, stack(0x00000000197f0000,0x00000000198f0000)]
  0x000000001946a000 JavaThread "C2 CompilerThread1" daemon [_thread_blocked, id=5464, stack(0x00000000196f0000,0x00000000197f0000)]
  0x0000000019462000 JavaThread "C2 CompilerThread0" daemon [_thread_blocked, id=1924, stack(0x00000000195f0000,0x00000000196f0000)]
  0x0000000019436000 JavaThread "Monitor Ctrl-Break" daemon [_thread_in_native, id=9264, stack(0x00000000194f0000,0x00000000195f0000)]
  0x0000000017aae000 JavaThread "Attach Listener" daemon [_thread_blocked, id=4384, stack(0x0000000018ff0000,0x00000000190f0000)]
  0x0000000017aad000 JavaThread "Signal Dispatcher" daemon [_thread_blocked, id=7500, stack(0x0000000018ef0000,0x0000000018ff0000)]
  0x0000000002faa000 JavaThread "Finalizer" daemon [_thread_blocked, id=2420, stack(0x0000000018cf0000,0x0000000018df0000)]
  0x0000000002fa7000 JavaThread "Reference Handler" daemon [_thread_blocked, id=8568, stack(0x0000000018bf0000,0x0000000018cf0000)]
  0x0000000002a8d000 JavaThread "main" [_thread_blocked, id=7288, stack(0x0000000002c10000,0x0000000002d10000)]

Other Threads:
  0x0000000017a67800 VMThread [stack: 0x0000000018af0000,0x0000000018bf0000] [id=5176]
  0x0000000019c3b800 WatcherThread [stack: 0x000000001a630000,0x000000001a730000] [id=10492]

VM state:not at safepoint (normal execution)

VM Mutex/Monitor currently owned by a thread: None

heap address: 0x0000000082000000, size: 2016 MB, Compressed Oops mode: 32-bit
Narrow klass base: 0x0000000000000000, Narrow klass shift: 3
Compressed class space size: 1073741824 Address: 0x0000000100000000

Heap:
 PSYoungGen      total 70656K, used 41235K [0x00000000d6000000, 0x00000000df300000, 0x0000000100000000)
  eden space 65536K, 55% used [0x00000000d6000000,0x00000000d8349da8,0x00000000da000000)
  from space 5120K, 99% used [0x00000000da000000,0x00000000da4fb190,0x00000000da500000)
  to   space 9728K, 0% used [0x00000000de980000,0x00000000de980000,0x00000000df300000)
 ParOldGen       total 86016K, used 4891K [0x0000000082000000, 0x0000000087400000, 0x00000000d6000000)
  object space 86016K, 5% used [0x0000000082000000,0x00000000824c6f98,0x0000000087400000)
 Metaspace       used 19620K, capacity 20408K, committed 20480K, reserved 1067008K
  class space    used 2553K, capacity 2759K, committed 2816K, reserved 1048576K

Card table byte_map: [0x0000000012370000,0x0000000012770000] byte_map_base: 0x0000000011f60000

Marking Bits: (ParMarkBitMap*) 0x0000000058b36d90
 Begin Bits: [0x0000000012e10000, 0x0000000014d90000)
 End Bits:   [0x0000000014d90000, 0x0000000016d10000)

Polling page: 0x0000000000f50000

CodeCache: size=245760Kb used=3827Kb max_used=3827Kb free=241932Kb
 bounds [0x0000000002fb0000, 0x0000000003370000, 0x0000000011fb0000]
 total_blobs=2160 nmethods=1769 adapters=303
 compilation: enabled

Compilation events (10 events):
Event: 4.118 Thread 0x00000000194c0800 1765   !   1       org.springframework.context.annotation.ConfigurationClassParser::asSourceClass (103 bytes)
Event: 4.118 Thread 0x00000000194c0800 nmethod 1765 0x000000000336af90 code [0x000000000336b1a0, 0x000000000336b7d8]
Event: 4.119 Thread 0x00000000194c0800 1766       1       org.springframework.core.annotation.TypeMappedAnnotation::getValue (151 bytes)
Event: 4.120 Thread 0x00000000194c0800 nmethod 1766 0x000000000336bcd0 code [0x000000000336be60, 0x000000000336c148]
Event: 4.120 Thread 0x00000000194c0800 1769       1       org.springframework.beans.factory.BeanFactoryUtils::isFactoryDereference (19 bytes)
Event: 4.120 Thread 0x00000000194c0800 nmethod 1769 0x000000000336c590 code [0x000000000336c6e0, 0x000000000336c828]
Event: 4.120 Thread 0x00000000194c0800 1767       1       java.util.stream.ReferencePipeline$3$1::accept (23 bytes)
Event: 4.120 Thread 0x00000000194c0800 nmethod 1767 0x000000000336c8d0 code [0x000000000336ca40, 0x000000000336cbb8]
Event: 4.120 Thread 0x00000000194c0800 1768       1       org.springframework.core.annotation.TypeMappedAnnotation::isFiltered (28 bytes)
Event: 4.120 Thread 0x00000000194c0800 nmethod 1768 0x000000000336cc90 code [0x000000000336ce00, 0x000000000336cf68]

GC Heap History (10 events):
Event: 1.670 GC heap before
{Heap before GC invocations=1 (full 0):
 PSYoungGen      total 37888K, used 32768K [0x00000000d6000000, 0x00000000d8a00000, 0x0000000100000000)
  eden space 32768K, 100% used [0x00000000d6000000,0x00000000d8000000,0x00000000d8000000)
  from space 5120K, 0% used [0x00000000d8500000,0x00000000d8500000,0x00000000d8a00000)
  to   space 5120K, 0% used [0x00000000d8000000,0x00000000d8000000,0x00000000d8500000)
 ParOldGen       total 86016K, used 0K [0x0000000082000000, 0x0000000087400000, 0x00000000d6000000)
  object space 86016K, 0% used [0x0000000082000000,0x0000000082000000,0x0000000087400000)
 Metaspace       used 9894K, capacity 10072K, committed 10240K, reserved 1058816K
  class space    used 1190K, capacity 1250K, committed 1280K, reserved 1048576K
Event: 1.674 GC heap after
Heap after GC invocations=1 (full 0):
 PSYoungGen      total 37888K, used 4823K [0x00000000d6000000, 0x00000000d8a00000, 0x0000000100000000)
  eden space 32768K, 0% used [0x00000000d6000000,0x00000000d6000000,0x00000000d8000000)
  from space 5120K, 94% used [0x00000000d8000000,0x00000000d84b5da0,0x00000000d8500000)
  to   space 5120K, 0% used [0x00000000d8500000,0x00000000d8500000,0x00000000d8a00000)
 ParOldGen       total 86016K, used 16K [0x0000000082000000, 0x0000000087400000, 0x00000000d6000000)
  object space 86016K, 0% used [0x0000000082000000,0x0000000082004000,0x0000000087400000)
 Metaspace       used 9894K, capacity 10072K, committed 10240K, reserved 1058816K
  class space    used 1190K, capacity 1250K, committed 1280K, reserved 1048576K
}
Event: 1.680 GC heap before
{Heap before GC invocations=2 (full 0):
 PSYoungGen      total 37888K, used 37579K [0x00000000d6000000, 0x00000000d8a00000, 0x0000000100000000)
  eden space 32768K, 99% used [0x00000000d6000000,0x00000000d7ffd0d8,0x00000000d8000000)
  from space 5120K, 94% used [0x00000000d8000000,0x00000000d84b5da0,0x00000000d8500000)
  to   space 5120K, 0% used [0x00000000d8500000,0x00000000d8500000,0x00000000d8a00000)
 ParOldGen       total 86016K, used 16K [0x0000000082000000, 0x0000000087400000, 0x00000000d6000000)
  object space 86016K, 0% used [0x0000000082000000,0x0000000082004000,0x0000000087400000)
 Metaspace       used 9900K, capacity 10072K, committed 10240K, reserved 1058816K
  class space    used 1190K, capacity 1250K, committed 1280K, reserved 1048576K
Event: 1.693 GC heap after
Heap after GC invocations=2 (full 0):
 PSYoungGen      total 37888K, used 2492K [0x00000000d6000000, 0x00000000daa00000, 0x0000000100000000)
  eden space 32768K, 0% used [0x00000000d6000000,0x00000000d6000000,0x00000000d8000000)
  from space 5120K, 48% used [0x00000000d8500000,0x00000000d876f188,0x00000000d8a00000)
  to   space 5120K, 0% used [0x00000000d8000000,0x00000000d8000000,0x00000000d8500000)
 ParOldGen       total 86016K, used 24K [0x0000000082000000, 0x0000000087400000, 0x00000000d6000000)
  object space 86016K, 0% used [0x0000000082000000,0x0000000082006000,0x0000000087400000)
 Metaspace       used 9900K, capacity 10072K, committed 10240K, reserved 1058816K
  class space    used 1190K, capacity 1250K, committed 1280K, reserved 1048576K
}
Event: 2.745 GC heap before
{Heap before GC invocations=3 (full 0):
 PSYoungGen      total 37888K, used 35260K [0x00000000d6000000, 0x00000000daa00000, 0x0000000100000000)
  eden space 32768K, 100% used [0x00000000d6000000,0x00000000d8000000,0x00000000d8000000)
  from space 5120K, 48% used [0x00000000d8500000,0x00000000d876f188,0x00000000d8a00000)
  to   space 5120K, 0% used [0x00000000d8000000,0x00000000d8000000,0x00000000d8500000)
 ParOldGen       total 86016K, used 24K [0x0000000082000000, 0x0000000087400000, 0x00000000d6000000)
  object space 86016K, 0% used [0x0000000082000000,0x0000000082006000,0x0000000087400000)
 Metaspace       used 13763K, capacity 14134K, committed 14464K, reserved 1062912K
  class space    used 1697K, capacity 1828K, committed 1920K, reserved 1048576K
Event: 2.749 GC heap after
Heap after GC invocations=3 (full 0):
 PSYoungGen      total 37888K, used 5108K [0x00000000d6000000, 0x00000000daa00000, 0x0000000100000000)
  eden space 32768K, 0% used [0x00000000d6000000,0x00000000d6000000,0x00000000d8000000)
  from space 5120K, 99% used [0x00000000d8000000,0x00000000d84fd130,0x00000000d8500000)
  to   space 5120K, 0% used [0x00000000da500000,0x00000000da500000,0x00000000daa00000)
 ParOldGen       total 86016K, used 707K [0x0000000082000000, 0x0000000087400000, 0x00000000d6000000)
  object space 86016K, 0% used [0x0000000082000000,0x00000000820b0da0,0x0000000087400000)
 Metaspace       used 13763K, capacity 14134K, committed 14464K, reserved 1062912K
  class space    used 1697K, capacity 1828K, committed 1920K, reserved 1048576K
}
Event: 3.252 GC heap before
{Heap before GC invocations=4 (full 0):
 PSYoungGen      total 37888K, used 37876K [0x00000000d6000000, 0x00000000daa00000, 0x0000000100000000)
  eden space 32768K, 100% used [0x00000000d6000000,0x00000000d8000000,0x00000000d8000000)
  from space 5120K, 99% used [0x00000000d8000000,0x00000000d84fd130,0x00000000d8500000)
  to   space 5120K, 0% used [0x00000000da500000,0x00000000da500000,0x00000000daa00000)
 ParOldGen       total 86016K, used 707K [0x0000000082000000, 0x0000000087400000, 0x00000000d6000000)
  object space 86016K, 0% used [0x0000000082000000,0x00000000820b0da0,0x0000000087400000)
 Metaspace       used 16947K, capacity 17580K, committed 17792K, reserved 1064960K
  class space    used 2180K, capacity 2355K, committed 2432K, reserved 1048576K
Event: 3.257 GC heap after
Heap after GC invocations=4 (full 0):
 PSYoungGen      total 70656K, used 5103K [0x00000000d6000000, 0x00000000daa00000, 0x0000000100000000)
  eden space 65536K, 0% used [0x00000000d6000000,0x00000000d6000000,0x00000000da000000)
  from space 5120K, 99% used [0x00000000da500000,0x00000000da9fbf10,0x00000000daa00000)
  to   space 5120K, 0% used [0x00000000da000000,0x00000000da000000,0x00000000da500000)
 ParOldGen       total 86016K, used 2677K [0x0000000082000000, 0x0000000087400000, 0x00000000d6000000)
  object space 86016K, 3% used [0x0000000082000000,0x000000008229d7b0,0x0000000087400000)
 Metaspace       used 16947K, capacity 17580K, committed 17792K, reserved 1064960K
  class space    used 2180K, capacity 2355K, committed 2432K, reserved 1048576K
}
Event: 3.851 GC heap before
{Heap before GC invocations=5 (full 0):
 PSYoungGen      total 70656K, used 70639K [0x00000000d6000000, 0x00000000daa00000, 0x0000000100000000)
  eden space 65536K, 100% used [0x00000000d6000000,0x00000000da000000,0x00000000da000000)
  from space 5120K, 99% used [0x00000000da500000,0x00000000da9fbf10,0x00000000daa00000)
  to   space 5120K, 0% used [0x00000000da000000,0x00000000da000000,0x00000000da500000)
 ParOldGen       total 86016K, used 2677K [0x0000000082000000, 0x0000000087400000, 0x00000000d6000000)
  object space 86016K, 3% used [0x0000000082000000,0x000000008229d7b0,0x0000000087400000)
 Metaspace       used 19232K, capacity 19990K, committed 20096K, reserved 1067008K
  class space    used 2492K, capacity 2674K, committed 2688K, reserved 1048576K
Event: 3.856 GC heap after
Heap after GC invocations=5 (full 0):
 PSYoungGen      total 70656K, used 5100K [0x00000000d6000000, 0x00000000df300000, 0x0000000100000000)
  eden space 65536K, 0% used [0x00000000d6000000,0x00000000d6000000,0x00000000da000000)
  from space 5120K, 99% used [0x00000000da000000,0x00000000da4fb190,0x00000000da500000)
  to   space 9728K, 0% used [0x00000000de980000,0x00000000de980000,0x00000000df300000)
 ParOldGen       total 86016K, used 4891K [0x0000000082000000, 0x0000000087400000, 0x00000000d6000000)
  object space 86016K, 5% used [0x0000000082000000,0x00000000824c6f98,0x0000000087400000)
 Metaspace       used 19232K, capacity 19990K, committed 20096K, reserved 1067008K
  class space    used 2492K, capacity 2674K, committed 2688K, reserved 1048576K
}

Deoptimization events (0 events):
No events

Classes redefined (0 events):
No events

Internal exceptions (10 events):
Event: 3.446 Thread 0x000000001910b000 Exception <a 'java/lang/ClassNotFoundException': org/springframework/context/ResourceLoaderAwareCustomizer> (0x00000000d6a78b80) thrown at [C:\re\workspace\8-2-build-windows-amd64-cygwin\jdk8u231\13620\hotspot\src\share\vm\classfile\systemDictionary.cpp, 
Event: 3.446 Thread 0x000000001910b000 Exception <a 'java/lang/ClassNotFoundException': org/springframework/beans/factory/AwareCustomizer> (0x00000000d6a8de30) thrown at [C:\re\workspace\8-2-build-windows-amd64-cygwin\jdk8u231\13620\hotspot\src\share\vm\classfile\systemDictionary.cpp, line 210
Event: 3.447 Thread 0x000000001910b000 Exception <a 'java/lang/ClassNotFoundException': org/springframework/beans/factory/BeanClassLoaderAwareCustomizer> (0x00000000d6aa63c8) thrown at [C:\re\workspace\8-2-build-windows-amd64-cygwin\jdk8u231\13620\hotspot\src\share\vm\classfile\systemDictionar
Event: 3.447 Thread 0x000000001910b000 Exception <a 'java/lang/ClassNotFoundException': org/springframework/beans/factory/AwareCustomizer> (0x00000000d6abb708) thrown at [C:\re\workspace\8-2-build-windows-amd64-cygwin\jdk8u231\13620\hotspot\src\share\vm\classfile\systemDictionary.cpp, line 210
Event: 3.447 Thread 0x000000001910b000 Exception <a 'java/lang/ClassNotFoundException': org/springframework/context/EnvironmentAwareCustomizer> (0x00000000d6ad0e58) thrown at [C:\re\workspace\8-2-build-windows-amd64-cygwin\jdk8u231\13620\hotspot\src\share\vm\classfile\systemDictionary.cpp, lin
Event: 3.447 Thread 0x000000001910b000 Exception <a 'java/lang/ClassNotFoundException': org/springframework/beans/factory/AwareCustomizer> (0x00000000d6ae6078) thrown at [C:\re\workspace\8-2-build-windows-amd64-cygwin\jdk8u231\13620\hotspot\src\share\vm\classfile\systemDictionary.cpp, line 210
Event: 3.508 Thread 0x000000001910b000 Exception <a 'java/lang/NoSuchMethodError': java.lang.Object.lambda$or$2(Ljava/util/function/Predicate;Ljava/lang/Object;)Z> (0x00000000d6f96d70) thrown at [C:\re\workspace\8-2-build-windows-amd64-cygwin\jdk8u231\13620\hotspot\src\share\vm\interpreter\lin
Event: 3.787 Thread 0x000000001910b000 Exception <a 'java/lang/IncompatibleClassChangeError': Found class java.lang.Object, but interface was expected> (0x00000000d9eb5c90) thrown at [C:\re\workspace\8-2-build-windows-amd64-cygwin\jdk8u231\13620\hotspot\src\share\vm\interpreter\linkResolver.cp
Event: 3.872 Thread 0x000000001910b000 Exception <a 'java/lang/NoSuchMethodError': java.lang.Object.lambda$getAllAnnotationAttributes$0(Lorg/springframework/util/MultiValueMap;)Lorg/springframework/util/MultiValueMap;> (0x00000000d62a2520) thrown at [C:\re\workspace\8-2-build-windows-amd64-cyg
Event: 3.875 Thread 0x0000000019434000 Exception <a 'java/lang/reflect/InvocationTargetException'> (0x00000000d6347680) thrown at [C:\re\workspace\8-2-build-windows-amd64-cygwin\jdk8u231\13620\hotspot\src\share\vm\runtime\reflection.cpp, line 1092]

Events (10 events):
Event: 4.115 loading class org/springframework/boot/jdbc/DataSourceBuilder done
Event: 4.115 loading class com/zaxxer/hikari/HikariDataSource
Event: 4.115 loading class com/zaxxer/hikari/HikariDataSource done
Event: 4.116 loading class com/zaxxer/hikari/HikariConfig
Event: 4.116 loading class com/zaxxer/hikari/HikariConfig done
Event: 4.116 loading class com/zaxxer/hikari/HikariConfigMXBean
Event: 4.116 loading class com/zaxxer/hikari/HikariConfigMXBean done
Event: 4.117 Thread 0x000000001b671800 Thread added: 0x000000001b671800
Event: 4.117 Thread 0x000000001b671800 Thread exited: 0x000000001b671800
Event: 4.120 Thread 0x000000001b674000 Thread added: 0x000000001b674000


Dynamic libraries:
0x00007ff6d5930000 - 0x00007ff6d5967000 	C:\Program Files\Java\jdk1.8.0_231\bin\java.exe
0x00007ff8bea70000 - 0x00007ff8bec5d000 	C:\Windows\SYSTEM32\ntdll.dll
0x00007ff8bbd40000 - 0x00007ff8bbdf3000 	C:\Windows\System32\KERNEL32.DLL
0x00007ff8bb9f0000 - 0x00007ff8bbc85000 	C:\Windows\System32\KERNELBASE.dll
0x00007ff8bbc90000 - 0x00007ff8bbd33000 	C:\Windows\System32\ADVAPI32.dll
0x00007ff8be6c0000 - 0x00007ff8be75e000 	C:\Windows\System32\msvcrt.dll
0x00007ff8be340000 - 0x00007ff8be3de000 	C:\Windows\System32\sechost.dll
0x00007ff8be3e0000 - 0x00007ff8be502000 	C:\Windows\System32\RPCRT4.dll
0x00007ff8bbed0000 - 0x00007ff8bc067000 	C:\Windows\System32\USER32.dll
0x00007ff8bad10000 - 0x00007ff8bad30000 	C:\Windows\System32\win32u.dll
0x00007ff8be940000 - 0x00007ff8be969000 	C:\Windows\System32\GDI32.dll
0x00007ff8bb7b0000 - 0x00007ff8bb94a000 	C:\Windows\System32\gdi32full.dll
0x00007ff8bb950000 - 0x00007ff8bb9f0000 	C:\Windows\System32\msvcp_win.dll
0x00007ff8bad30000 - 0x00007ff8bae2a000 	C:\Windows\System32\ucrtbase.dll
0x00007ff8a9d60000 - 0x00007ff8a9fd9000 	C:\Windows\WinSxS\amd64_microsoft.windows.common-controls_6595b64144ccf1df_6.0.17763.1282_none_de75b6f253473c0f\COMCTL32.dll
0x00007ff8bc720000 - 0x00007ff8bca4c000 	C:\Windows\System32\combase.dll
0x00007ff8bb6d0000 - 0x00007ff8bb74e000 	C:\Windows\System32\bcryptPrimitives.dll
0x00007ff8bcab0000 - 0x00007ff8bcade000 	C:\Windows\System32\IMM32.DLL
0x0000000058bc0000 - 0x0000000058c92000 	C:\Program Files\Java\jdk1.8.0_231\jre\bin\msvcr100.dll
0x0000000058310000 - 0x0000000058bb6000 	C:\Program Files\Java\jdk1.8.0_231\jre\bin\server\jvm.dll
0x00007ff8bbe00000 - 0x00007ff8bbe08000 	C:\Windows\System32\PSAPI.DLL
0x00007ff8a5630000 - 0x00007ff8a5639000 	C:\Windows\SYSTEM32\WSOCK32.dll
0x00007ff8bcae0000 - 0x00007ff8bcb4d000 	C:\Windows\System32\WS2_32.dll
0x00007ff8b77c0000 - 0x00007ff8b77e4000 	C:\Windows\SYSTEM32\WINMM.dll
0x00007ff8b14e0000 - 0x00007ff8b14ea000 	C:\Windows\SYSTEM32\VERSION.dll
0x00007ff8b7790000 - 0x00007ff8b77bd000 	C:\Windows\SYSTEM32\winmmbase.dll
0x00007ff8bae30000 - 0x00007ff8bae7a000 	C:\Windows\System32\cfgmgr32.dll
0x00007ff89b000000 - 0x00007ff89b00f000 	C:\Program Files\Java\jdk1.8.0_231\jre\bin\verify.dll
0x00007ff8920c0000 - 0x00007ff8920e9000 	C:\Program Files\Java\jdk1.8.0_231\jre\bin\java.dll
0x00007ff891270000 - 0x00007ff891293000 	C:\Program Files\Java\jdk1.8.0_231\jre\bin\instrument.dll
0x00007ff891d30000 - 0x00007ff891d46000 	C:\Program Files\Java\jdk1.8.0_231\jre\bin\zip.dll
0x00007ff8bce40000 - 0x00007ff8be338000 	C:\Windows\System32\SHELL32.dll
0x00007ff8be830000 - 0x00007ff8be8d8000 	C:\Windows\System32\shcore.dll
0x00007ff8baf80000 - 0x00007ff8bb6cf000 	C:\Windows\System32\windows.storage.dll
0x00007ff8baa80000 - 0x00007ff8baaa4000 	C:\Windows\System32\profapi.dll
0x00007ff8baab0000 - 0x00007ff8bab0d000 	C:\Windows\System32\powrprof.dll
0x00007ff8bca50000 - 0x00007ff8bcaa2000 	C:\Windows\System32\shlwapi.dll
0x00007ff8baa60000 - 0x00007ff8baa71000 	C:\Windows\System32\kernel.appcore.dll
0x00007ff8bae80000 - 0x00007ff8bae97000 	C:\Windows\System32\cryptsp.dll
0x00007ff8906b0000 - 0x00007ff8906ca000 	C:\Program Files\JetBrains\IntelliJ IDEA 2019.2.4\bin\breakgen64.dll
0x00007ff891d10000 - 0x00007ff891d2a000 	C:\Program Files\Java\jdk1.8.0_231\jre\bin\net.dll
0x00007ff8ba2c0000 - 0x00007ff8ba327000 	C:\Windows\system32\mswsock.dll
0x00007ff8ba020000 - 0x00007ff8ba0e7000 	C:\Windows\SYSTEM32\DNSAPI.dll
0x00007ff8be820000 - 0x00007ff8be828000 	C:\Windows\System32\NSI.dll
0x00007ff8b9fe0000 - 0x00007ff8ba01d000 	C:\Windows\SYSTEM32\IPHLPAPI.DLL
0x0000000059910000 - 0x0000000059945000 	C:\Program Files\Bonjour\mdnsNSP.dll
0x00007ff8b0b00000 - 0x00007ff8b0b0a000 	C:\Windows\System32\rasadhlp.dll
0x00007ff8b0b30000 - 0x00007ff8b0ba9000 	C:\Windows\System32\fwpuclnt.dll
0x00007ff8baea0000 - 0x00007ff8baec6000 	C:\Windows\System32\bcrypt.dll
0x00007ff89abd0000 - 0x00007ff89abdd000 	C:\Program Files\Java\jdk1.8.0_231\jre\bin\management.dll
0x00007ff890710000 - 0x00007ff890722000 	C:\Program Files\Java\jdk1.8.0_231\jre\bin\nio.dll
0x00007ff8b9e40000 - 0x00007ff8b9e73000 	C:\Windows\system32\rsaenh.dll
0x00007ff8ba990000 - 0x00007ff8ba9b8000 	C:\Windows\SYSTEM32\USERENV.dll
0x00007ff8ba490000 - 0x00007ff8ba49c000 	C:\Windows\SYSTEM32\CRYPTBASE.dll
0x00007ff8b11c0000 - 0x00007ff8b11d6000 	C:\Windows\SYSTEM32\dhcpcsvc6.DLL
0x00007ff8b11a0000 - 0x00007ff8b11bc000 	C:\Windows\SYSTEM32\dhcpcsvc.DLL
0x00007ff89d1c0000 - 0x00007ff89d1d6000 	C:\Windows\system32\napinsp.dll
0x00007ff89d1a0000 - 0x00007ff89d1ba000 	C:\Windows\system32\pnrpnsp.dll
0x00007ff89d190000 - 0x00007ff89d19e000 	C:\Windows\System32\winrnr.dll
0x00007ff8b74e0000 - 0x00007ff8b74fb000 	C:\Windows\system32\NLAapi.dll
0x00007ff89d170000 - 0x00007ff89d185000 	C:\Windows\system32\wshbth.dll

VM Arguments:
jvm_args: -XX:TieredStopAtLevel=1 -Xverify:none -Dspring.output.ansi.enabled=always -Dcom.sun.management.jmxremote -Dspring.jmx.enabled=true -Dspring.liveBeansView.mbeanDomain -Dspring.application.admin.enabled=true -javaagent:C:\Program Files\JetBrains\IntelliJ IDEA 2019.2.4\lib\idea_rt.jar=51242:C:\Program Files\JetBrains\IntelliJ IDEA 2019.2.4\bin -Dfile.encoding=UTF-8 
java_command: com.studio.youtubcom.YoutubcomApplication
java_class_path (initial): C:\Program Files\Java\jdk1.8.0_231\jre\lib\charsets.jar;C:\Program Files\Java\jdk1.8.0_231\jre\lib\deploy.jar;C:\Program Files\Java\jdk1.8.0_231\jre\lib\ext\access-bridge-64.jar;C:\Program Files\Java\jdk1.8.0_231\jre\lib\ext\cldrdata.jar;C:\Program Files\Java\jdk1.8.0_231\jre\lib\ext\dnsns.jar;C:\Program Files\Java\jdk1.8.0_231\jre\lib\ext\jaccess.jar;C:\Program Files\Java\jdk1.8.0_231\jre\lib\ext\jfxrt.jar;C:\Program Files\Java\jdk1.8.0_231\jre\lib\ext\localedata.jar;C:\Program Files\Java\jdk1.8.0_231\jre\lib\ext\nashorn.jar;C:\Program Files\Java\jdk1.8.0_231\jre\lib\ext\sunec.jar;C:\Program Files\Java\jdk1.8.0_231\jre\lib\ext\sunjce_provider.jar;C:\Program Files\Java\jdk1.8.0_231\jre\lib\ext\sunmscapi.jar;C:\Program Files\Java\jdk1.8.0_231\jre\lib\ext\sunpkcs11.jar;C:\Program Files\Java\jdk1.8.0_231\jre\lib\ext\zipfs.jar;C:\Program Files\Java\jdk1.8.0_231\jre\lib\javaws.jar;C:\Program Files\Java\jdk1.8.0_231\jre\lib\jce.jar;C:\Program Files\Java\jdk1.8.0_231\jre\lib\jfr.jar;C:\Program Files\Java\jdk1.8.0_231\jre\lib\jfxswt.jar;C:\Program Files\Java\jdk1.8.0_231\jre\lib\jsse.jar;C:\Program Files\Java\jdk1.8.0_231\jre\lib\management-agent.jar;C:\Program Files\Java\jdk1.8.0_231\jre\lib\plugin.jar;C:\Program Files\Java\jdk1.8.0_231\jre\lib\resources.jar;C:\Program Files\Java\jdk1.8.0_231\jre\lib\rt.jar;F:\FATHER\youtubcom\target\classes;C:\Users\Victor\.m2\repository\org\springframework\boot\spring-boot-starter-thymeleaf\2.3.1.RELEASE\spring-boot-starter-thymeleaf-2.3.1.RELEASE.jar;C:\Users\Victor\.m2\repository\org\springframework\boot\spring-boot-starter\2.3.1.RELEASE\spring-boot-starter-2.3.1.RELEASE.jar;C:\Users\Victor\.m2\repository\org\springframework\boot\spring-boot-starter-logging\2.3.1.RELEASE\spring-boot-starter-logging-2.3.1.RELEASE.jar;C:\Users\Victor\.m2\repository\ch\qos\logback\logback-classic\1.2.3\logback-classic-1.2.3.jar;C:\Users\Victor\.m2\repository\ch\qos\logback\logback-core\1.2.3\logback-core-1.2.3.jar;C:\Users\Vic
Launcher Type: SUN_STANDARD

Environment Variables:
JAVA_HOME=C:\Program Files\Java\jdk-11.0.2
JRE_HOME=C:\Program Files\Java\jre1.8.0_202
PATH=C:\Program Files (x86)\Common Files\Oracle\Java\javapath;F:\FATHER\apache-tomcat-9.0.27\bin;C:\Program Files\Git\cmd;C:\Program Files (x86)\GtkSharp\2.12\bin;C:\Program Files\Dart\dart-sdk\bin;C:\Program Files\Redis\;C:\Users\Victor\AppData\Local\Microsoft\WindowsApps;
USERNAME=Victor
OS=Windows_NT
PROCESSOR_IDENTIFIER=Intel64 Family 6 Model 158 Stepping 9, GenuineIntel



---------------  S Y S T E M  ---------------

OS: Windows 10.0 , 64 bit Build 17763 (10.0.17763.1158)

CPU:total 4 (initial active 4) (4 cores per cpu, 1 threads per core) family 6 model 158 stepping 9, cmov, cx8, fxsr, mmx, sse, sse2, sse3, ssse3, sse4.1, sse4.2, popcnt, avx, avx2, aes, clmul, erms, rtm, 3dnowpref, lzcnt, tsc, tscinvbit, bmi1, bmi2, adx

Memory: 4k page, physical 8250996k(820732k free), swap 9070196k(1772k free)

vm_info: Java HotSpot(TM) 64-Bit Server VM (25.231-b11) for windows-amd64 JRE (1.8.0_231-b11), built on Oct  5 2019 03:11:30 by "java_re" with MS VC++ 10.0 (VS2010)

time: Sun Jul 12 11:44:04 2020
timezone: Ô³íëÿíä³ÿ (ë³òî)
elapsed time: 4 seconds (0d 0h 0m 4s)

