#
# There is insufficient memory for the Java Runtime Environment to continue.
# Native memory allocation (mmap) failed to map 32505856 bytes for Failed to commit area from 0x000000008b800000 to 0x000000008d700000 of length 32505856.
# Possible reasons:
#   The system is out of physical RAM or swap space
#   The process is running with CompressedOops enabled, and the Java Heap may be blocking the growth of the native heap
# Possible solutions:
#   Reduce memory load on the system
#   Increase physical memory or swap space
#   Check if swap backing store is full
#   Decrease Java heap size (-Xmx/-Xms)
#   Decrease number of Java threads
#   Decrease Java thread stack sizes (-Xss)
#   Set larger code cache with -XX:ReservedCodeCacheSize=
#   JVM is running with Unscaled Compressed Oops mode in which the Java heap is
#     placed in the first 4GB address space. The Java Heap base address is the
#     maximum limit for the native heap growth. Please use -XX:HeapBaseMinAddress
#     to set the Java Heap base and to place the Java Heap above 4GB virtual address.
# This output file may be truncated or incomplete.
#
#  Out of Memory Error (c:/BuildAgent/work/5ff2f6c26000d570/src/hotspot/os/windows/os_windows.cpp:3281), pid=5360, tid=7968
#
# JRE version: OpenJDK Runtime Environment (11.0.4+10) (build 11.0.4+10-b520.11)
# Java VM: OpenJDK 64-Bit Server VM (11.0.4+10-b520.11, mixed mode, tiered, compressed oops, g1 gc, windows-amd64)
# No core dump will be written. Minidumps are not enabled by default on client versions of Windows
#

---------------  S U M M A R Y ------------

Command Line: -agentlib:jdwp=transport=dt_socket,address=127.0.0.1:58724,suspend=y,server=n -XX:TieredStopAtLevel=1 -Xverify:none -Dspring.output.ansi.enabled=always -Dcom.sun.management.jmxremote -Dspring.jmx.enabled=true -Dspring.liveBeansView.mbeanDomain -Dspring.application.admin.enabled=true -javaagent:C:\Users\Victor\.IntelliJIdea2019.3\system\captureAgent\debugger-agent.jar -Dfile.encoding=UTF-8 com.studio.youtubcom.YoutubcomApplication

Host: Intel(R) Core(TM) i5-7500 CPU @ 3.40GHz, 4 cores, 7G,  Windows 10 , 64 bit Build 17763 (10.0.17763.1339)
Time: Mon Jul 20 09:58:47 2020 O?ieyia?y (e?oi) elapsed time: 4 seconds (0d 0h 0m 4s)

---------------  T H R E A D  ---------------

Current thread (0x00000113c8c56800):  VMThread "VM Thread" [stack: 0x0000000d42600000,0x0000000d42700000] [id=7968]

Stack: [0x0000000d42600000,0x0000000d42700000]
[error occurred during error reporting (printing stack bounds), id 0xc0000005, EXCEPTION_ACCESS_VIOLATION (0xc0000005) at pc=0x00000113b2c90bad]

Native frames: (J=compiled Java code, j=interpreted, Vv=VM code, C=native code)
V  [jvm.dll+0x5db21a]
V  [jvm.dll+0x70c4f5]
V  [jvm.dll+0x70da18]
V  [jvm.dll+0x70e045]
V  [jvm.dll+0x70dffb]
V  [jvm.dll+0x5da9a8]
V  [jvm.dll+0x5dae08]
C  [ntdll.dll+0xa479f]
C  [ntdll.dll+0x4bef]
C  [ntdll.dll+0xa350e]
C  0x00000113b2c90bad

VM_Operation (0x0000000d43ffdc20): CollectForMetadataAllocation, mode: safepoint, requested by thread 0x00000113cb9f6800


---------------  P R O C E S S  ---------------

Threads class SMR info:
_java_thread_list=0x00000113cd3ee4c0, length=40, elements={
0x00000113aedd7000, 0x00000113c8c5d800, 0x00000113c8c61000, 0x00000113c8c82000,
0x00000113c8c83000, 0x00000113c8c84000, 0x00000113c95f1800, 0x00000113c8bed800,
0x00000113c97a4000, 0x00000113c97b5000, 0x00000113c97c3000, 0x00000113c9aec800,
0x00000113c9d2f000, 0x00000113cacb9800, 0x00000113cacbe800, 0x00000113c9d10000,
0x00000113cb214000, 0x00000113cb947000, 0x00000113cb948000, 0x00000113cb926000,
0x00000113cb925000, 0x00000113cb9f6800, 0x00000113cd3d5800, 0x00000113cd3d4000,
0x00000113cd3d3000, 0x00000113cd3d4800, 0x00000113cd504000, 0x00000113cd501800,
0x00000113cd504800, 0x00000113cd507000, 0x00000113cd505800, 0x00000113cd503000,
0x00000113cd506000, 0x00000113cd508000, 0x00000113cd502000, 0x00000113cd509800,
0x00000113cd50a800, 0x00000113cd508800, 0x00000113cd510000, 0x00000113cd50d800
}

Java Threads: ( => current thread )
  0x00000113aedd7000 JavaThread "main" [_thread_blocked, id=3904, stack(0x0000000d42000000,0x0000000d42100000)]
  0x00000113c8c5d800 JavaThread "Reference Handler" daemon [_thread_blocked, id=5200, stack(0x0000000d42700000,0x0000000d42800000)]
  0x00000113c8c61000 JavaThread "Finalizer" daemon [_thread_blocked, id=9892, stack(0x0000000d42800000,0x0000000d42900000)]
  0x00000113c8c82000 JavaThread "Signal Dispatcher" daemon [_thread_blocked, id=7260, stack(0x0000000d42900000,0x0000000d42a00000)]
  0x00000113c8c83000 JavaThread "Attach Listener" daemon [_thread_blocked, id=2408, stack(0x0000000d42a00000,0x0000000d42b00000)]
  0x00000113c8c84000 JavaThread "C1 CompilerThread0" daemon [_thread_blocked, id=9084, stack(0x0000000d42b00000,0x0000000d42c00000)]
  0x00000113c95f1800 JavaThread "Sweeper thread" daemon [_thread_blocked, id=6932, stack(0x0000000d42c00000,0x0000000d42d00000)]
  0x00000113c8bed800 JavaThread "Common-Cleaner" daemon [_thread_blocked, id=8796, stack(0x0000000d42d00000,0x0000000d42e00000)]
  0x00000113c97a4000 JavaThread "JDWP Transport Listener: dt_socket" daemon [_thread_blocked, id=8788, stack(0x0000000d42e00000,0x0000000d42f00000)]
  0x00000113c97b5000 JavaThread "JDWP Event Helper Thread" daemon [_thread_blocked, id=9200, stack(0x0000000d42f00000,0x0000000d43000000)]
  0x00000113c97c3000 JavaThread "JDWP Command Reader" daemon [_thread_in_native, id=8408, stack(0x0000000d43000000,0x0000000d43100000)]
  0x00000113c9aec800 JavaThread "Service Thread" daemon [_thread_blocked, id=7428, stack(0x0000000d43100000,0x0000000d43200000)]
  0x00000113c9d2f000 JavaThread "RMI TCP Accept-0" daemon [_thread_in_native, id=3120, stack(0x0000000d43400000,0x0000000d43500000)]
  0x00000113cacb9800 JavaThread "Thread-0" [_thread_blocked, id=3168, stack(0x0000000d43600000,0x0000000d43700000)]
  0x00000113cacbe800 JavaThread "restartedMain" [_thread_blocked, id=7200, stack(0x0000000d43700000,0x0000000d43800000)]
  0x00000113c9d10000 JavaThread "RMI TCP Connection(2)-192.168.0.104" daemon [_thread_in_native, id=7872, stack(0x0000000d43900000,0x0000000d43a00000)]
  0x00000113cb214000 JavaThread "RMI Scheduler(0)" daemon [_thread_blocked, id=7692, stack(0x0000000d43a00000,0x0000000d43b00000)]
  0x00000113cb947000 JavaThread "RMI TCP Connection(3)-192.168.0.104" daemon [_thread_in_native, id=9172, stack(0x0000000d43b00000,0x0000000d43c00000)]
  0x00000113cb948000 JavaThread "Catalina-utility-1" [_thread_blocked, id=768, stack(0x0000000d43c00000,0x0000000d43d00000)]
  0x00000113cb926000 JavaThread "Catalina-utility-2" [_thread_blocked, id=8728, stack(0x0000000d43d00000,0x0000000d43e00000)]
  0x00000113cb925000 JavaThread "container-0" [_thread_blocked, id=1052, stack(0x0000000d43e00000,0x0000000d43f00000)]
  0x00000113cb9f6800 JavaThread "task-1" [_thread_blocked, id=5724, stack(0x0000000d43f00000,0x0000000d44000000)]
  0x00000113cd3d5800 JavaThread "File Watcher" daemon [_thread_blocked, id=6316, stack(0x0000000d44100000,0x0000000d44200000)]
  0x00000113cd3d4000 JavaThread "Live Reload Server" daemon [_thread_in_native, id=6096, stack(0x0000000d44300000,0x0000000d44400000)]
  0x00000113cd3d3000 JavaThread "PostgreSQL-JDBC-SharedTimer-1" daemon [_thread_blocked, id=7216, stack(0x0000000d44200000,0x0000000d44300000)]
  0x00000113cd3d4800 JavaThread "HikariPool-1 housekeeper" daemon [_thread_blocked, id=6608, stack(0x0000000d44400000,0x0000000d44500000)]
  0x00000113cd504000 JavaThread "http-nio-8080-BlockPoller" daemon [_thread_in_native, id=5328, stack(0x0000000d44500000,0x0000000d44600000)]
  0x00000113cd501800 JavaThread "http-nio-8080-exec-1" daemon [_thread_blocked, id=8104, stack(0x0000000d44600000,0x0000000d44700000)]
  0x00000113cd504800 JavaThread "http-nio-8080-exec-2" daemon [_thread_blocked, id=7660, stack(0x0000000d44700000,0x0000000d44800000)]
  0x00000113cd507000 JavaThread "http-nio-8080-exec-3" daemon [_thread_blocked, id=8948, stack(0x0000000d44800000,0x0000000d44900000)]
  0x00000113cd505800 JavaThread "http-nio-8080-exec-4" daemon [_thread_blocked, id=1144, stack(0x0000000d44900000,0x0000000d44a00000)]
  0x00000113cd503000 JavaThread "http-nio-8080-exec-5" daemon [_thread_blocked, id=8420, stack(0x0000000d44a00000,0x0000000d44b00000)]
  0x00000113cd506000 JavaThread "http-nio-8080-exec-6" daemon [_thread_blocked, id=820, stack(0x0000000d44b00000,0x0000000d44c00000)]
  0x00000113cd508000 JavaThread "http-nio-8080-exec-7" daemon [_thread_blocked, id=3324, stack(0x0000000d44c00000,0x0000000d44d00000)]
  0x00000113cd502000 JavaThread "http-nio-8080-exec-8" daemon [_thread_blocked, id=8548, stack(0x0000000d44d00000,0x0000000d44e00000)]
  0x00000113cd509800 JavaThread "http-nio-8080-exec-9" daemon [_thread_blocked, id=8072, stack(0x0000000d44e00000,0x0000000d44f00000)]
  0x00000113cd50a800 JavaThread "http-nio-8080-exec-10" daemon [_thread_blocked, id=8740, stack(0x0000000d44f00000,0x0000000d45000000)]
  0x00000113cd508800 JavaThread "http-nio-8080-ClientPoller" daemon [_thread_in_native, id=9960, stack(0x0000000d45000000,0x0000000d45100000)]
  0x00000113cd510000 JavaThread "http-nio-8080-Acceptor" daemon [_thread_in_native, id=5892, stack(0x0000000d45100000,0x0000000d45200000)]
  0x00000113cd50d800 JavaThread "HikariPool-1 connection adder" daemon [_thread_blocked, id=7000, stack(0x0000000d45200000,0x0000000d45300000)]

Other Threads:
=>0x00000113c8c56800 VMThread "VM Thread" [stack: 0x0000000d42600000,0x0000000d42700000] [id=7968]
  0x00000113c9d30800 WatcherThread [stack: 0x0000000d43500000,0x0000000d43600000] [id=6916]
  0x00000113aedf0000 GCTaskThread "GC Thread#0" [stack: 0x0000000d42100000,0x0000000d42200000] [id=7508]
  0x00000113c9d16800 GCTaskThread "GC Thread#1" [stack: 0x0000000d43200000,0x0000000d43300000] [id=9476]
  0x00000113c9d08800 GCTaskThread "GC Thread#2" [stack: 0x0000000d43300000,0x0000000d43400000] [id=4956]
  0x00000113cae5a000 GCTaskThread "GC Thread#3" [stack: 0x0000000d43800000,0x0000000d43900000] [id=1432]
  0x00000113aee1e800 ConcurrentGCThread "G1 Main Marker" [stack: 0x0000000d42200000,0x0000000d42300000] [id=7700]
  0x00000113aee20000 ConcurrentGCThread "G1 Conc#0" [stack: 0x0000000d42300000,0x0000000d42400000] [id=7948]
  0x00000113aee9d800 ConcurrentGCThread "G1 Refine#0" [stack: 0x0000000d42400000,0x0000000d42500000] [id=9576]
  0x00000113c8aa2800 ConcurrentGCThread "G1 Young RemSet Sampling" [stack: 0x0000000d42500000,0x0000000d42600000] [id=1756]

Threads with active compile tasks:

VM state:at safepoint (normal execution)

VM Mutex/Monitor currently owned by a thread:  ([mutex/lock_event])
[0x00000113aedd5160] Threads_lock - owner thread: 0x00000113c8c56800
[0x00000113aedd4d70] Heap_lock - owner thread: 0x00000113cb9f6800

Heap address: 0x0000000082000000, size: 2016 MB, Compressed Oops mode: 32-bit
Narrow klass base: 0x0000000000000000, Narrow klass shift: 3
Compressed class space size: 1073741824 Address: 0x0000000100000000

Heap:
 garbage-first heap   total 187392K, used 20471K [0x0000000082000000, 0x0000000100000000)
  region size 1024K, 7 young (7168K), 7 survivors (7168K)
 Metaspace       used 46954K, capacity 48384K, committed 48464K, reserved 1097728K
  class space    used 5943K, capacity 6531K, committed 6576K, reserved 1048576K
Heap Regions: E=young(eden), S=young(survivor), O=old, HS=humongous(starts), HC=humongous(continues), CS=collection set, F=free, A=archive, TAMS=top-at-mark-start (previous, next)
|   0|0x0000000082000000, 0x0000000082100000, 0x0000000082100000|100%|HS|  |TAMS 0x0000000082100000, 0x0000000082100000| Complete 
|   1|0x0000000082100000, 0x0000000082200000, 0x0000000082200000|100%| O|  |TAMS 0x0000000082200000, 0x0000000082200000| Untracked 
|   2|0x0000000082200000, 0x0000000082300000, 0x0000000082300000|100%| O|  |TAMS 0x0000000082300000, 0x0000000082300000| Untracked 
|   3|0x0000000082300000, 0x0000000082400000, 0x0000000082400000|100%| O|  |TAMS 0x0000000082400000, 0x0000000082400000| Untracked 
|   4|0x0000000082400000, 0x0000000082500000, 0x0000000082500000|100%| O|  |TAMS 0x0000000082500000, 0x0000000082500000| Untracked 
|   5|0x0000000082500000, 0x0000000082600000, 0x0000000082600000|100%| O|  |TAMS 0x0000000082600000, 0x0000000082600000| Untracked 
|   6|0x0000000082600000, 0x0000000082700000, 0x0000000082700000|100%| O|  |TAMS 0x0000000082700000, 0x0000000082700000| Untracked 
|   7|0x0000000082700000, 0x0000000082800000, 0x0000000082800000|100%| O|  |TAMS 0x0000000082800000, 0x0000000082800000| Untracked 
|   8|0x0000000082800000, 0x0000000082900000, 0x0000000082900000|100%| O|  |TAMS 0x0000000082837600, 0x0000000082900000| Untracked 
|   9|0x0000000082900000, 0x0000000082a00000, 0x0000000082a00000|100%| O|  |TAMS 0x0000000082900000, 0x0000000082a00000| Untracked 
|  10|0x0000000082a00000, 0x0000000082b00000, 0x0000000082b00000|100%| O|  |TAMS 0x0000000082a00000, 0x0000000082b00000| Untracked 
|  11|0x0000000082b00000, 0x0000000082c00000, 0x0000000082c00000|100%| O|  |TAMS 0x0000000082b00000, 0x0000000082c00000| Untracked 
|  12|0x0000000082c00000, 0x0000000082d00000, 0x0000000082d00000|100%| O|  |TAMS 0x0000000082c00000, 0x0000000082d00000| Untracked 
|  13|0x0000000082d00000, 0x0000000082d90000, 0x0000000082e00000| 56%| O|  |TAMS 0x0000000082d00000, 0x0000000082d90000| Untracked 
|  14|0x0000000082e00000, 0x0000000082e00000, 0x0000000082f00000|  0%| F|  |TAMS 0x0000000082e00000, 0x0000000082e00000| Untracked 
|  15|0x0000000082f00000, 0x0000000082f00000, 0x0000000083000000|  0%| F|  |TAMS 0x0000000082f00000, 0x0000000082f00000| Untracked 
|  16|0x0000000083000000, 0x0000000083000000, 0x0000000083100000|  0%| F|  |TAMS 0x0000000083000000, 0x0000000083000000| Untracked 
|  17|0x0000000083100000, 0x0000000083100000, 0x0000000083200000|  0%| F|  |TAMS 0x0000000083100000, 0x0000000083100000| Untracked 
|  18|0x0000000083200000, 0x0000000083200000, 0x0000000083300000|  0%| F|  |TAMS 0x0000000083200000, 0x0000000083200000| Untracked 
|  19|0x0000000083300000, 0x0000000083300000, 0x0000000083400000|  0%| F|  |TAMS 0x0000000083300000, 0x0000000083300000| Untracked 
|  20|0x0000000083400000, 0x0000000083400000, 0x0000000083500000|  0%| F|  |TAMS 0x0000000083400000, 0x0000000083400000| Untracked 
|  21|0x0000000083500000, 0x0000000083500000, 0x0000000083600000|  0%| F|  |TAMS 0x0000000083500000, 0x0000000083500000| Untracked 
|  22|0x0000000083600000, 0x0000000083600000, 0x0000000083700000|  0%| F|  |TAMS 0x0000000083600000, 0x0000000083600000| Untracked 
|  23|0x0000000083700000, 0x0000000083700000, 0x0000000083800000|  0%| F|  |TAMS 0x0000000083700000, 0x0000000083700000| Untracked 
|  24|0x0000000083800000, 0x0000000083800000, 0x0000000083900000|  0%| F|  |TAMS 0x0000000083800000, 0x0000000083800000| Untracked 
|  25|0x0000000083900000, 0x0000000083900000, 0x0000000083a00000|  0%| F|  |TAMS 0x0000000083900000, 0x0000000083900000| Untracked 
|  26|0x0000000083a00000, 0x0000000083a00000, 0x0000000083b00000|  0%| F|  |TAMS 0x0000000083a00000, 0x0000000083a00000| Untracked 
|  27|0x0000000083b00000, 0x0000000083b00000, 0x0000000083c00000|  0%| F|  |TAMS 0x0000000083b00000, 0x0000000083b00000| Untracked 
|  28|0x0000000083c00000, 0x0000000083c00000, 0x0000000083d00000|  0%| F|  |TAMS 0x0000000083c00000, 0x0000000083c00000| Untracked 
|  29|0x0000000083d00000, 0x0000000083d00000, 0x0000000083e00000|  0%| F|  |TAMS 0x0000000083d00000, 0x0000000083d00000| Untracked 
|  30|0x0000000083e00000, 0x0000000083e00000, 0x0000000083f00000|  0%| F|  |TAMS 0x0000000083e00000, 0x0000000083e00000| Untracked 
|  31|0x0000000083f00000, 0x0000000083f00000, 0x0000000084000000|  0%| F|  |TAMS 0x0000000083f00000, 0x0000000083f00000| Untracked 
|  32|0x0000000084000000, 0x0000000084000000, 0x0000000084100000|  0%| F|  |TAMS 0x0000000084000000, 0x0000000084000000| Untracked 
|  33|0x0000000084100000, 0x0000000084100000, 0x0000000084200000|  0%| F|  |TAMS 0x0000000084100000, 0x0000000084100000| Untracked 
|  34|0x0000000084200000, 0x0000000084200000, 0x0000000084300000|  0%| F|  |TAMS 0x0000000084200000, 0x0000000084200000| Untracked 
|  35|0x0000000084300000, 0x0000000084300000, 0x0000000084400000|  0%| F|  |TAMS 0x0000000084300000, 0x0000000084300000| Untracked 
|  36|0x0000000084400000, 0x0000000084400000, 0x0000000084500000|  0%| F|  |TAMS 0x0000000084400000, 0x0000000084400000| Untracked 
|  37|0x0000000084500000, 0x0000000084500000, 0x0000000084600000|  0%| F|  |TAMS 0x0000000084500000, 0x0000000084500000| Untracked 
|  38|0x0000000084600000, 0x0000000084600000, 0x0000000084700000|  0%| F|  |TAMS 0x0000000084600000, 0x0000000084600000| Untracked 
|  39|0x0000000084700000, 0x0000000084700000, 0x0000000084800000|  0%| F|  |TAMS 0x0000000084700000, 0x0000000084700000| Untracked 
|  40|0x0000000084800000, 0x0000000084800000, 0x0000000084900000|  0%| F|  |TAMS 0x0000000084800000, 0x0000000084800000| Untracked 
|  41|0x0000000084900000, 0x0000000084900000, 0x0000000084a00000|  0%| F|  |TAMS 0x0000000084900000, 0x0000000084900000| Untracked 
|  42|0x0000000084a00000, 0x0000000084a00000, 0x0000000084b00000|  0%| F|  |TAMS 0x0000000084a00000, 0x0000000084a00000| Untracked 
|  43|0x0000000084b00000, 0x0000000084b00000, 0x0000000084c00000|  0%| F|  |TAMS 0x0000000084b00000, 0x0000000084b00000| Untracked 
|  44|0x0000000084c00000, 0x0000000084c00000, 0x0000000084d00000|  0%| F|  |TAMS 0x0000000084c00000, 0x0000000084c00000| Untracked 
|  45|0x0000000084d00000, 0x0000000084d00000, 0x0000000084e00000|  0%| F|  |TAMS 0x0000000084d00000, 0x0000000084d00000| Untracked 
|  46|0x0000000084e00000, 0x0000000084e00000, 0x0000000084f00000|  0%| F|  |TAMS 0x0000000084e00000, 0x0000000084e00000| Untracked 
|  47|0x0000000084f00000, 0x0000000084f00000, 0x0000000085000000|  0%| F|  |TAMS 0x0000000084f00000, 0x0000000084f00000| Untracked 
|  48|0x0000000085000000, 0x0000000085000000, 0x0000000085100000|  0%| F|  |TAMS 0x0000000085000000, 0x0000000085000000| Untracked 
|  49|0x0000000085100000, 0x0000000085100000, 0x0000000085200000|  0%| F|  |TAMS 0x0000000085100000, 0x0000000085100000| Untracked 
|  50|0x0000000085200000, 0x0000000085200000, 0x0000000085300000|  0%| F|  |TAMS 0x0000000085200000, 0x0000000085200000| Untracked 
|  51|0x0000000085300000, 0x0000000085300000, 0x0000000085400000|  0%| F|  |TAMS 0x0000000085300000, 0x0000000085300000| Untracked 
|  52|0x0000000085400000, 0x0000000085400000, 0x0000000085500000|  0%| F|  |TAMS 0x0000000085400000, 0x0000000085400000| Untracked 
|  53|0x0000000085500000, 0x0000000085500000, 0x0000000085600000|  0%| F|  |TAMS 0x0000000085500000, 0x0000000085500000| Untracked 
|  54|0x0000000085600000, 0x0000000085600000, 0x0000000085700000|  0%| F|  |TAMS 0x0000000085600000, 0x0000000085600000| Untracked 
|  55|0x0000000085700000, 0x0000000085700000, 0x0000000085800000|  0%| F|  |TAMS 0x0000000085700000, 0x0000000085700000| Untracked 
|  56|0x0000000085800000, 0x0000000085800000, 0x0000000085900000|  0%| F|  |TAMS 0x0000000085800000, 0x0000000085800000| Untracked 
|  57|0x0000000085900000, 0x0000000085900000, 0x0000000085a00000|  0%| F|  |TAMS 0x0000000085900000, 0x0000000085900000| Untracked 
|  58|0x0000000085a00000, 0x0000000085a00000, 0x0000000085b00000|  0%| F|  |TAMS 0x0000000085a00000, 0x0000000085a00000| Untracked 
|  59|0x0000000085b00000, 0x0000000085b00000, 0x0000000085c00000|  0%| F|  |TAMS 0x0000000085b00000, 0x0000000085b00000| Untracked 
|  60|0x0000000085c00000, 0x0000000085c00000, 0x0000000085d00000|  0%| F|  |TAMS 0x0000000085c00000, 0x0000000085c00000| Untracked 
|  61|0x0000000085d00000, 0x0000000085d00000, 0x0000000085e00000|  0%| F|  |TAMS 0x0000000085d00000, 0x0000000085d00000| Untracked 
|  62|0x0000000085e00000, 0x0000000085e00000, 0x0000000085f00000|  0%| F|  |TAMS 0x0000000085e00000, 0x0000000085e00000| Untracked 
|  63|0x0000000085f00000, 0x0000000085f00000, 0x0000000086000000|  0%| F|  |TAMS 0x0000000085f00000, 0x0000000085f00000| Untracked 
|  64|0x0000000086000000, 0x0000000086000000, 0x0000000086100000|  0%| F|  |TAMS 0x0000000086000000, 0x0000000086000000| Untracked 
|  65|0x0000000086100000, 0x0000000086100000, 0x0000000086200000|  0%| F|  |TAMS 0x0000000086100000, 0x0000000086100000| Untracked 
|  66|0x0000000086200000, 0x0000000086200000, 0x0000000086300000|  0%| F|  |TAMS 0x0000000086200000, 0x0000000086200000| Untracked 
|  67|0x0000000086300000, 0x0000000086300000, 0x0000000086400000|  0%| F|  |TAMS 0x0000000086300000, 0x0000000086300000| Untracked 
|  68|0x0000000086400000, 0x0000000086400000, 0x0000000086500000|  0%| F|  |TAMS 0x0000000086400000, 0x0000000086400000| Untracked 
|  69|0x0000000086500000, 0x0000000086500000, 0x0000000086600000|  0%| F|  |TAMS 0x0000000086500000, 0x0000000086500000| Untracked 
|  70|0x0000000086600000, 0x0000000086600000, 0x0000000086700000|  0%| F|  |TAMS 0x0000000086600000, 0x0000000086600000| Untracked 
|  71|0x0000000086700000, 0x0000000086700000, 0x0000000086800000|  0%| F|  |TAMS 0x0000000086700000, 0x0000000086700000| Untracked 
|  72|0x0000000086800000, 0x0000000086800000, 0x0000000086900000|  0%| F|  |TAMS 0x0000000086800000, 0x0000000086800000| Untracked 
|  73|0x0000000086900000, 0x0000000086900000, 0x0000000086a00000|  0%| F|  |TAMS 0x0000000086900000, 0x0000000086900000| Untracked 
|  74|0x0000000086a00000, 0x0000000086a00000, 0x0000000086b00000|  0%| F|  |TAMS 0x0000000086a00000, 0x0000000086a00000| Untracked 
|  75|0x0000000086b00000, 0x0000000086b00000, 0x0000000086c00000|  0%| F|  |TAMS 0x0000000086b00000, 0x0000000086b00000| Untracked 
|  76|0x0000000086c00000, 0x0000000086c00000, 0x0000000086d00000|  0%| F|  |TAMS 0x0000000086c00000, 0x0000000086c00000| Untracked 
|  77|0x0000000086d00000, 0x0000000086d00000, 0x0000000086e00000|  0%| F|  |TAMS 0x0000000086d00000, 0x0000000086d00000| Untracked 
|  78|0x0000000086e00000, 0x0000000086e00000, 0x0000000086f00000|  0%| F|  |TAMS 0x0000000086e00000, 0x0000000086e00000| Untracked 
|  79|0x0000000086f00000, 0x0000000086f00000, 0x0000000087000000|  0%| F|  |TAMS 0x0000000086f00000, 0x0000000086f00000| Untracked 
|  80|0x0000000087000000, 0x0000000087000000, 0x0000000087100000|  0%| F|  |TAMS 0x0000000087000000, 0x0000000087000000| Untracked 
|  81|0x0000000087100000, 0x0000000087100000, 0x0000000087200000|  0%| F|  |TAMS 0x0000000087100000, 0x0000000087100000| Untracked 
|  82|0x0000000087200000, 0x0000000087200000, 0x0000000087300000|  0%| F|  |TAMS 0x0000000087200000, 0x0000000087200000| Untracked 
|  83|0x0000000087300000, 0x0000000087300000, 0x0000000087400000|  0%| F|  |TAMS 0x0000000087300000, 0x0000000087300000| Untracked 
|  84|0x0000000087400000, 0x0000000087400000, 0x0000000087500000|  0%| F|  |TAMS 0x0000000087400000, 0x0000000087400000| Untracked 
|  85|0x0000000087500000, 0x0000000087500000, 0x0000000087600000|  0%| F|  |TAMS 0x0000000087500000, 0x0000000087500000| Untracked 
|  86|0x0000000087600000, 0x0000000087600000, 0x0000000087700000|  0%| F|  |TAMS 0x0000000087600000, 0x0000000087600000| Untracked 
|  87|0x0000000087700000, 0x0000000087700000, 0x0000000087800000|  0%| F|  |TAMS 0x0000000087700000, 0x0000000087700000| Untracked 
|  88|0x0000000087800000, 0x0000000087800000, 0x0000000087900000|  0%| F|  |TAMS 0x0000000087800000, 0x0000000087800000| Untracked 
|  89|0x0000000087900000, 0x0000000087900000, 0x0000000087a00000|  0%| F|  |TAMS 0x0000000087900000, 0x0000000087900000| Untracked 
|  90|0x0000000087a00000, 0x0000000087a00000, 0x0000000087b00000|  0%| F|  |TAMS 0x0000000087a00000, 0x0000000087a00000| Untracked 
|  91|0x0000000087b00000, 0x0000000087b00000, 0x0000000087c00000|  0%| F|  |TAMS 0x0000000087b00000, 0x0000000087b00000| Untracked 
|  92|0x0000000087c00000, 0x0000000087c00000, 0x0000000087d00000|  0%| F|  |TAMS 0x0000000087c00000, 0x0000000087c00000| Untracked 
|  93|0x0000000087d00000, 0x0000000087d00000, 0x0000000087e00000|  0%| F|  |TAMS 0x0000000087d00000, 0x0000000087d00000| Untracked 
|  94|0x0000000087e00000, 0x0000000087e00000, 0x0000000087f00000|  0%| F|  |TAMS 0x0000000087e00000, 0x0000000087e00000| Untracked 
|  95|0x0000000087f00000, 0x0000000087f00000, 0x0000000088000000|  0%| F|  |TAMS 0x0000000087f00000, 0x0000000087f00000| Untracked 
|  96|0x0000000088000000, 0x0000000088000000, 0x0000000088100000|  0%| F|  |TAMS 0x0000000088000000, 0x0000000088000000| Untracked 
|  97|0x0000000088100000, 0x0000000088100000, 0x0000000088200000|  0%| F|  |TAMS 0x0000000088100000, 0x0000000088100000| Untracked 
|  98|0x0000000088200000, 0x0000000088200000, 0x0000000088300000|  0%| F|  |TAMS 0x0000000088200000, 0x0000000088200000| Untracked 
|  99|0x0000000088300000, 0x0000000088300000, 0x0000000088400000|  0%| F|  |TAMS 0x0000000088300000, 0x0000000088300000| Untracked 
| 100|0x0000000088400000, 0x0000000088400000, 0x0000000088500000|  0%| F|  |TAMS 0x0000000088400000, 0x0000000088400000| Untracked 
| 101|0x0000000088500000, 0x0000000088500000, 0x0000000088600000|  0%| F|  |TAMS 0x0000000088500000, 0x0000000088500000| Untracked 
| 102|0x0000000088600000, 0x0000000088600000, 0x0000000088700000|  0%| F|  |TAMS 0x0000000088600000, 0x0000000088600000| Untracked 
| 103|0x0000000088700000, 0x0000000088700000, 0x0000000088800000|  0%| F|  |TAMS 0x0000000088700000, 0x0000000088700000| Untracked 
| 104|0x0000000088800000, 0x0000000088800000, 0x0000000088900000|  0%| F|  |TAMS 0x0000000088800000, 0x0000000088800000| Untracked 
| 105|0x0000000088900000, 0x0000000088900000, 0x0000000088a00000|  0%| F|  |TAMS 0x0000000088900000, 0x0000000088900000| Untracked 
| 106|0x0000000088a00000, 0x0000000088a00000, 0x0000000088b00000|  0%| F|  |TAMS 0x0000000088a00000, 0x0000000088a00000| Untracked 
| 107|0x0000000088b00000, 0x0000000088b00000, 0x0000000088c00000|  0%| F|  |TAMS 0x0000000088b00000, 0x0000000088b00000| Untracked 
| 108|0x0000000088c00000, 0x0000000088c00000, 0x0000000088d00000|  0%| F|  |TAMS 0x0000000088c00000, 0x0000000088c00000| Untracked 
| 109|0x0000000088d00000, 0x0000000088d00000, 0x0000000088e00000|  0%| F|  |TAMS 0x0000000088d00000, 0x0000000088d00000| Untracked 
| 110|0x0000000088e00000, 0x0000000088e00000, 0x0000000088f00000|  0%| F|  |TAMS 0x0000000088e00000, 0x0000000088e00000| Untracked 
| 111|0x0000000088f00000, 0x0000000088f00000, 0x0000000089000000|  0%| F|  |TAMS 0x0000000088f00000, 0x0000000088f00000| Untracked 
| 112|0x0000000089000000, 0x0000000089000000, 0x0000000089100000|  0%| F|  |TAMS 0x0000000089000000, 0x0000000089000000| Untracked 
| 113|0x0000000089100000, 0x0000000089100000, 0x0000000089200000|  0%| F|  |TAMS 0x0000000089100000, 0x0000000089100000| Untracked 
| 114|0x0000000089200000, 0x0000000089200000, 0x0000000089300000|  0%| F|  |TAMS 0x0000000089200000, 0x0000000089200000| Untracked 
| 115|0x0000000089300000, 0x0000000089300000, 0x0000000089400000|  0%| F|  |TAMS 0x0000000089300000, 0x0000000089300000| Untracked 
| 116|0x0000000089400000, 0x0000000089400000, 0x0000000089500000|  0%| F|  |TAMS 0x0000000089400000, 0x0000000089400000| Untracked 
| 117|0x0000000089500000, 0x0000000089500000, 0x0000000089600000|  0%| F|  |TAMS 0x0000000089500000, 0x0000000089500000| Untracked 
| 118|0x0000000089600000, 0x0000000089600000, 0x0000000089700000|  0%| F|  |TAMS 0x0000000089600000, 0x0000000089600000| Untracked 
| 119|0x0000000089700000, 0x0000000089700000, 0x0000000089800000|  0%| F|  |TAMS 0x0000000089700000, 0x0000000089700000| Untracked 
| 120|0x0000000089800000, 0x0000000089800000, 0x0000000089900000|  0%| F|  |TAMS 0x0000000089800000, 0x0000000089800000| Untracked 
| 121|0x0000000089900000, 0x0000000089900000, 0x0000000089a00000|  0%| F|  |TAMS 0x0000000089900000, 0x0000000089900000| Untracked 
| 122|0x0000000089a00000, 0x0000000089a00000, 0x0000000089b00000|  0%| F|  |TAMS 0x0000000089a00000, 0x0000000089a00000| Untracked 
| 123|0x0000000089b00000, 0x0000000089b00000, 0x0000000089c00000|  0%| F|  |TAMS 0x0000000089b00000, 0x0000000089b00000| Untracked 
| 124|0x0000000089c00000, 0x0000000089c00000, 0x0000000089d00000|  0%| F|  |TAMS 0x0000000089c00000, 0x0000000089c00000| Untracked 
| 125|0x0000000089d00000, 0x0000000089d00000, 0x0000000089e00000|  0%| F|  |TAMS 0x0000000089d00000, 0x0000000089d00000| Untracked 
| 126|0x0000000089e00000, 0x0000000089e00000, 0x0000000089f00000|  0%| F|  |TAMS 0x0000000089e00000, 0x0000000089e00000| Untracked 
| 127|0x0000000089f00000, 0x0000000089f6ddd0, 0x000000008a000000| 42%| S|CS|TAMS 0x0000000089f00000, 0x0000000089f00000| Complete 
| 128|0x000000008a000000, 0x000000008a100000, 0x000000008a100000|100%| S|CS|TAMS 0x000000008a000000, 0x000000008a000000| Complete 
| 129|0x000000008a100000, 0x000000008a200000, 0x000000008a200000|100%| S|CS|TAMS 0x000000008a100000, 0x000000008a100000| Complete 
| 130|0x000000008a200000, 0x000000008a300000, 0x000000008a300000|100%| S|CS|TAMS 0x000000008a200000, 0x000000008a200000| Complete 
| 131|0x000000008a300000, 0x000000008a400000, 0x000000008a400000|100%| S|CS|TAMS 0x000000008a300000, 0x000000008a300000| Complete 
| 132|0x000000008a400000, 0x000000008a500000, 0x000000008a500000|100%| S|CS|TAMS 0x000000008a400000, 0x000000008a400000| Complete 
| 133|0x000000008a500000, 0x000000008a600000, 0x000000008a600000|100%| S|CS|TAMS 0x000000008a500000, 0x000000008a500000| Complete 
| 134|0x000000008a600000, 0x000000008a600000, 0x000000008a700000|  0%| F|  |TAMS 0x000000008a600000, 0x000000008a600000| Untracked 
| 135|0x000000008a700000, 0x000000008a700000, 0x000000008a800000|  0%| F|  |TAMS 0x000000008a700000, 0x000000008a700000| Untracked 
| 136|0x000000008a800000, 0x000000008a800000, 0x000000008a900000|  0%| F|  |TAMS 0x000000008a800000, 0x000000008a800000| Untracked 
| 137|0x000000008a900000, 0x000000008a900000, 0x000000008aa00000|  0%| F|  |TAMS 0x000000008a900000, 0x000000008a900000| Untracked 
| 138|0x000000008aa00000, 0x000000008aa00000, 0x000000008ab00000|  0%| F|  |TAMS 0x000000008aa00000, 0x000000008aa00000| Untracked 
| 139|0x000000008ab00000, 0x000000008ab00000, 0x000000008ac00000|  0%| F|  |TAMS 0x000000008ab00000, 0x000000008ab00000| Untracked 
| 140|0x000000008ac00000, 0x000000008ac00000, 0x000000008ad00000|  0%| F|  |TAMS 0x000000008ac00000, 0x000000008ac00000| Untracked 
| 141|0x000000008ad00000, 0x000000008ad00000, 0x000000008ae00000|  0%| F|  |TAMS 0x000000008ad00000, 0x000000008ad00000| Untracked 
| 142|0x000000008ae00000, 0x000000008ae00000, 0x000000008af00000|  0%| F|  |TAMS 0x000000008ae00000, 0x000000008ae00000| Untracked 
| 143|0x000000008af00000, 0x000000008af00000, 0x000000008b000000|  0%| F|  |TAMS 0x000000008af00000, 0x000000008af00000| Untracked 
| 144|0x000000008b000000, 0x000000008b000000, 0x000000008b100000|  0%| F|  |TAMS 0x000000008b000000, 0x000000008b000000| Untracked 
| 145|0x000000008b100000, 0x000000008b100000, 0x000000008b200000|  0%| F|  |TAMS 0x000000008b100000, 0x000000008b100000| Untracked 
| 146|0x000000008b200000, 0x000000008b200000, 0x000000008b300000|  0%| F|  |TAMS 0x000000008b200000, 0x000000008b200000| Untracked 
| 147|0x000000008b300000, 0x000000008b300000, 0x000000008b400000|  0%| F|  |TAMS 0x000000008b300000, 0x000000008b300000| Untracked 
| 148|0x000000008b400000, 0x000000008b400000, 0x000000008b500000|  0%| F|  |TAMS 0x000000008b400000, 0x000000008b400000| Untracked 
| 149|0x000000008b500000, 0x000000008b500000, 0x000000008b600000|  0%| F|  |TAMS 0x000000008b500000, 0x000000008b500000| Untracked 
| 150|0x000000008b600000, 0x000000008b600000, 0x000000008b700000|  0%| F|  |TAMS 0x000000008b600000, 0x000000008b600000| Untracked 
| 151|0x000000008b700000, 0x000000008b700000, 0x000000008b800000|  0%| F|  |TAMS 0x000000008b700000, 0x000000008b700000| Untracked 

Card table byte_map: [0x00000113c2080000,0x00000113c2470000] _byte_map_base: 0x00000113c1c70000

Marking Bits (Prev, Next): (CMBitMap*) 0x00000113aee161b8, (CMBitMap*) 0x00000113aee161f0
 Prev Bits: [0x00000113c2860000, 0x00000113c47e0000)
 Next Bits: [0x00000113c47e0000, 0x00000113c6760000)

Polling page: 0x00000113acc80000

Metaspace:

Usage:
  Non-class:     40.87 MB capacity,    40.05 MB ( 98%) used,   674.84 KB (  2%) free+waste,   166.88 KB ( <1%) overhead. 
      Class:      6.38 MB capacity,     5.80 MB ( 91%) used,   506.91 KB (  8%) free+waste,    80.94 KB (  1%) overhead. 
       Both:     47.25 MB capacity,    45.85 MB ( 97%) used,     1.15 MB (  2%) free+waste,   247.81 KB ( <1%) overhead. 

Virtual space:
  Non-class space:       48.00 MB reserved,      40.91 MB ( 85%) committed 
      Class space:        1.00 GB reserved,       6.42 MB ( <1%) committed 
             Both:        1.05 GB reserved,      47.33 MB (  4%) committed 

Chunk freelists:
   Non-Class:  35.00 KB
       Class:  29.00 KB
        Both:  64.00 KB

CodeHeap 'non-profiled nmethods': size=238912Kb used=7083Kb max_used=7083Kb free=231828Kb
 bounds [0x00000113b3340000, 0x00000113b3a30000, 0x00000113c1c90000]
CodeHeap 'non-nmethods': size=6848Kb used=1268Kb max_used=1268Kb free=5579Kb
 bounds [0x00000113b2c90000, 0x00000113b2f00000, 0x00000113b3340000]
 total_blobs=4695 nmethods=4135 adapters=466
 compilation: enabled
              stopped_count=0, restarted_count=0
 full_count=0

Compilation events (10 events):
Event: 4.005 Thread 0x00000113c8c84000 4143       1       org.hibernate.annotations.common.reflection.java.Pair::safeHashCode (11 bytes)
Event: 4.005 Thread 0x00000113c8c84000 nmethod 4143 0x00000113b3a29510 code [0x00000113b3a296c0, 0x00000113b3a29830]
Event: 4.005 Thread 0x00000113c8c84000 4144       1       org.hibernate.annotations.common.reflection.java.JavaXClass::getTypeEnvironment (5 bytes)
Event: 4.005 Thread 0x00000113c8c84000 nmethod 4144 0x00000113b3a29910 code [0x00000113b3a29ac0, 0x00000113b3a29bd8]
Event: 4.005 Thread 0x00000113c8c84000 4146       1       org.hibernate.annotations.common.reflection.java.generics.TypeSwitch::<init> (5 bytes)
Event: 4.005 Thread 0x00000113c8c84000 nmethod 4146 0x00000113b3a29c90 code [0x00000113b3a29e40, 0x00000113b3a29f58]
Event: 4.005 Thread 0x00000113c8c84000 4147       1       org.hibernate.annotations.common.reflection.java.generics.TypeSwitch::doSwitch (86 bytes)
Event: 4.005 Thread 0x00000113c8c84000 nmethod 4147 0x00000113b3a2a010 code [0x00000113b3a2a240, 0x00000113b3a2a7e0]
Event: 4.005 Thread 0x00000113c8c84000 4145       1       org.hibernate.annotations.common.reflection.java.JavaXAnnotatedElement::getFactory (5 bytes)
Event: 4.005 Thread 0x00000113c8c84000 nmethod 4145 0x00000113b3a2a990 code [0x00000113b3a2ab40, 0x00000113b3a2ac58]

GC Heap History (10 events):
Event: 2.296 GC heap after
{Heap after GC invocations=7 (full 0):
 garbage-first heap   total 129024K, used 10833K [0x0000000082000000, 0x0000000100000000)
  region size 1024K, 5 young (5120K), 5 survivors (5120K)
 Metaspace       used 25890K, capacity 26743K, committed 27056K, reserved 1073152K
  class space    used 3049K, capacity 3384K, committed 3504K, reserved 1048576K
}
Event: 3.014 GC heap before
{Heap before GC invocations=7 (full 0):
 garbage-first heap   total 129024K, used 81489K [0x0000000082000000, 0x0000000100000000)
  region size 1024K, 75 young (76800K), 5 survivors (5120K)
 Metaspace       used 32458K, capacity 33720K, committed 33968K, reserved 1079296K
  class space    used 3962K, capacity 4464K, committed 4528K, reserved 1048576K
}
Event: 3.021 GC heap after
{Heap after GC invocations=8 (full 0):
 garbage-first heap   total 155648K, used 14599K [0x0000000082000000, 0x0000000100000000)
  region size 1024K, 9 young (9216K), 9 survivors (9216K)
 Metaspace       used 32458K, capacity 33720K, committed 33968K, reserved 1079296K
  class space    used 3962K, capacity 4464K, committed 4528K, reserved 1048576K
}
Event: 3.195 GC heap before
{Heap before GC invocations=8 (full 0):
 garbage-first heap   total 155648K, used 97543K [0x0000000082000000, 0x0000000100000000)
  region size 1024K, 91 young (93184K), 9 survivors (9216K)
 Metaspace       used 33558K, capacity 34815K, committed 35120K, reserved 1079296K
  class space    used 4091K, capacity 4573K, committed 4656K, reserved 1048576K
}
Event: 3.201 GC heap after
{Heap after GC invocations=9 (full 0):
 garbage-first heap   total 155648K, used 14924K [0x0000000082000000, 0x0000000100000000)
  region size 1024K, 7 young (7168K), 7 survivors (7168K)
 Metaspace       used 33558K, capacity 34815K, committed 35120K, reserved 1079296K
  class space    used 4091K, capacity 4573K, committed 4656K, reserved 1048576K
}
Event: 3.270 GC heap before
{Heap before GC invocations=9 (full 0):
 garbage-first heap   total 155648K, used 22092K [0x0000000082000000, 0x0000000100000000)
  region size 1024K, 15 young (15360K), 7 survivors (7168K)
 Metaspace       used 34494K, capacity 35785K, committed 35920K, reserved 1081344K
  class space    used 4186K, capacity 4684K, committed 4784K, reserved 1048576K
}
Event: 3.278 GC heap after
{Heap after GC invocations=10 (full 0):
 garbage-first heap   total 155648K, used 15514K [0x0000000082000000, 0x0000000100000000)
  region size 1024K, 7 young (7168K), 7 survivors (7168K)
 Metaspace       used 34494K, capacity 35785K, committed 35920K, reserved 1081344K
  class space    used 4186K, capacity 4684K, committed 4784K, reserved 1048576K
}
Event: 3.823 GC heap before
{Heap before GC invocations=11 (full 0):
 garbage-first heap   total 155648K, used 100506K [0x0000000082000000, 0x0000000100000000)
  region size 1024K, 91 young (93184K), 7 survivors (7168K)
 Metaspace       used 44707K, capacity 46163K, committed 46416K, reserved 1089536K
  class space    used 5651K, capacity 6238K, committed 6320K, reserved 1048576K
}
Event: 3.831 GC heap after
{Heap after GC invocations=12 (full 0):
 garbage-first heap   total 155648K, used 20049K [0x0000000082000000, 0x0000000100000000)
  region size 1024K, 11 young (11264K), 11 survivors (11264K)
 Metaspace       used 44707K, capacity 46163K, committed 46416K, reserved 1089536K
  class space    used 5651K, capacity 6238K, committed 6320K, reserved 1048576K
}
Event: 4.013 GC heap before
{Heap before GC invocations=12 (full 0):
 garbage-first heap   total 155648K, used 37457K [0x0000000082000000, 0x0000000100000000)
  region size 1024K, 29 young (29696K), 11 survivors (11264K)
 Metaspace       used 46954K, capacity 48384K, committed 48464K, reserved 1097728K
  class space    used 5943K, capacity 6531K, committed 6576K, reserved 1048576K
}

Deoptimization events (10 events):
Event: 4.011 Thread 0x00000113cb9f6800 DEOPT PACKING pc=0x00000113b34fa91c sp=0x0000000d43ffd520
Event: 4.011 Thread 0x00000113cb9f6800 DEOPT UNPACKING pc=0x00000113b2ccd44e sp=0x0000000d43ffc9d8 mode 1
Event: 4.011 Thread 0x00000113cb9f6800 DEOPT PACKING pc=0x00000113b3497e74 sp=0x0000000d43ffdfa0
Event: 4.011 Thread 0x00000113cb9f6800 DEOPT UNPACKING pc=0x00000113b2ccd44e sp=0x0000000d43ffd490 mode 1
Event: 4.011 Thread 0x00000113cb9f6800 DEOPT PACKING pc=0x00000113b34fbdf4 sp=0x0000000d43ffd450
Event: 4.011 Thread 0x00000113cb9f6800 DEOPT UNPACKING pc=0x00000113b2ccd44e sp=0x0000000d43ffc8e8 mode 1
Event: 4.011 Thread 0x00000113cb9f6800 DEOPT PACKING pc=0x00000113b34fa91c sp=0x0000000d43ffd520
Event: 4.011 Thread 0x00000113cb9f6800 DEOPT UNPACKING pc=0x00000113b2ccd44e sp=0x0000000d43ffc9d8 mode 1
Event: 4.011 Thread 0x00000113cb9f6800 DEOPT PACKING pc=0x00000113b3497e74 sp=0x0000000d43ffdfa0
Event: 4.011 Thread 0x00000113cb9f6800 DEOPT UNPACKING pc=0x00000113b2ccd44e sp=0x0000000d43ffd490 mode 1

Classes redefined (0 events):
No events

Internal exceptions (10 events):
Event: 3.793 Thread 0x00000113cacbe800 Exception <a 'java/lang/ClassNotFoundException'{0x00000000864a85d8}: org/springframework/context/ApplicationEventPublisherAwareCustomizer> (0x00000000864a85d8) thrown at [c:/BuildAgent/work/5ff2f6c26000d570/src/hotspot/share/classfile/systemDictionary.cpp
Event: 3.794 Thread 0x00000113cacbe800 Exception <a 'java/lang/ClassNotFoundException'{0x00000000864b7338}: org/springframework/beans/factory/AwareCustomizer> (0x00000000864b7338) thrown at [c:/BuildAgent/work/5ff2f6c26000d570/src/hotspot/share/classfile/systemDictionary.cpp, line 231]
Event: 3.798 Thread 0x00000113cacbe800 Exception <a 'java/lang/ClassNotFoundException'{0x00000000864f2d28}: java/lang/ObjectCustomizer> (0x00000000864f2d28) thrown at [c:/BuildAgent/work/5ff2f6c26000d570/src/hotspot/share/classfile/systemDictionary.cpp, line 231]
Event: 3.799 Thread 0x00000113cacbe800 Exception <a 'java/lang/ClassNotFoundException'{0x0000000086372a80}: org/springframework/core/io/support/PropertiesLoaderSupportCustomizer> (0x0000000086372a80) thrown at [c:/BuildAgent/work/5ff2f6c26000d570/src/hotspot/share/classfile/systemDictionary.cp
Event: 3.799 Thread 0x00000113cacbe800 Exception <a 'java/lang/ClassNotFoundException'{0x000000008638bec0}: org/springframework/beans/factory/config/PropertiesFactoryBeanCustomizer> (0x000000008638bec0) thrown at [c:/BuildAgent/work/5ff2f6c26000d570/src/hotspot/share/classfile/systemDictionary
Event: 3.801 Thread 0x00000113cacbe800 Exception <a 'java/lang/ClassNotFoundException'{0x00000000863aae48}: org/springframework/beans/factory/FactoryBeanCustomizer> (0x00000000863aae48) thrown at [c:/BuildAgent/work/5ff2f6c26000d570/src/hotspot/share/classfile/systemDictionary.cpp, line 231]
Event: 3.801 Thread 0x00000113cacbe800 Exception <a 'java/lang/ClassNotFoundException'{0x00000000863bcd20}: org/springframework/beans/factory/InitializingBeanCustomizer> (0x00000000863bcd20) thrown at [c:/BuildAgent/work/5ff2f6c26000d570/src/hotspot/share/classfile/systemDictionary.cpp, line 2
Event: 3.811 Thread 0x00000113cb9f6800 Exception <a 'java/lang/NoSuchMethodError'{0x0000000086120988}: 'java.lang.Object java.lang.invoke.DirectMethodHandle$Holder.invokeStaticInit(java.lang.Object, java.lang.Object, java.lang.Object, java.lang.Object)'> (0x0000000086120988) thrown at [c:/Buil
Event: 3.931 Thread 0x00000113cd50d800 Exception <a 'sun/net/ConnectionResetException'{0x000000008ae0b428}: > (0x000000008ae0b428) thrown at [c:/BuildAgent/work/5ff2f6c26000d570/src/hotspot/share/prims/jni.cpp, line 636]
Event: 3.960 Thread 0x00000113cb9f6800 Exception <a 'java/lang/NoSuchMethodError'{0x000000008ab50ec0}: 'java.lang.Object java.lang.invoke.DirectMethodHandle$Holder.newInvokeSpecial(java.lang.Object, java.lang.Object, int, java.lang.Object, java.lang.Object)'> (0x000000008ab50ec0) thrown at [c:

Events (10 events):
Event: 4.011 loading class org/hibernate/internal/CoreMessageLogger_$logger_uk_UA done
Event: 4.011 loading class org/hibernate/internal/CoreMessageLogger_$logger_uk
Event: 4.011 loading class org/hibernate/internal/CoreMessageLogger_$logger_uk done
Event: 4.011 loading class org/hibernate/internal/util/collections/BoundedConcurrentHashMap
Event: 4.011 loading class org/hibernate/internal/util/collections/BoundedConcurrentHashMap done
Event: 4.012 loading class org/hibernate/internal/util/collections/BoundedConcurrentHashMap$Eviction
Event: 4.012 loading class org/hibernate/internal/util/collections/BoundedConcurrentHashMap$Eviction done
Event: 4.012 loading class org/hibernate/internal/util/collections/BoundedConcurrentHashMap$Eviction$1
Event: 4.012 loading class org/hibernate/internal/util/collections/BoundedConcurrentHashMap$Eviction$1 done
Event: 4.013 Executing VM operation: CollectForMetadataAllocation


Dynamic libraries:
0x00007ff694db0000 - 0x00007ff694df7000 	C:\Program Files\JetBrains\IntelliJ IDEA 2019.2.4\jbr\bin\java.exe
0x00007ffcf47c0000 - 0x00007ffcf49ad000 	C:\Windows\SYSTEM32\ntdll.dll
0x00007ffcf2740000 - 0x00007ffcf27f3000 	C:\Windows\System32\KERNEL32.DLL
0x00007ffcf1070000 - 0x00007ffcf1305000 	C:\Windows\System32\KERNELBASE.dll
0x00007ffcf3e60000 - 0x00007ffcf3ff7000 	C:\Windows\System32\USER32.dll
0x00007ffcf1410000 - 0x00007ffcf1430000 	C:\Windows\System32\win32u.dll
0x00007ffcf4250000 - 0x00007ffcf4279000 	C:\Windows\System32\GDI32.dll
0x00007ffcf1430000 - 0x00007ffcf15cb000 	C:\Windows\System32\gdi32full.dll
0x00007ffcf1760000 - 0x00007ffcf1800000 	C:\Windows\System32\msvcp_win.dll
0x00007ffcf1310000 - 0x00007ffcf140a000 	C:\Windows\System32\ucrtbase.dll
0x00007ffcdc500000 - 0x00007ffcdc779000 	C:\Windows\WinSxS\amd64_microsoft.windows.common-controls_6595b64144ccf1df_6.0.17763.1339_none_de7015e4534c7114\COMCTL32.dll
0x00007ffcf25e0000 - 0x00007ffcf267e000 	C:\Windows\System32\msvcrt.dll
0x00007ffcf1c10000 - 0x00007ffcf1f3c000 	C:\Windows\System32\combase.dll
0x00007ffcf1f40000 - 0x00007ffcf2062000 	C:\Windows\System32\RPCRT4.dll
0x00007ffcf16e0000 - 0x00007ffcf175e000 	C:\Windows\System32\bcryptPrimitives.dll
0x00007ffcf2680000 - 0x00007ffcf26ae000 	C:\Windows\System32\IMM32.DLL
0x00007ffcca4f0000 - 0x00007ffcca507000 	C:\Program Files\JetBrains\IntelliJ IDEA 2019.2.4\jbr\bin\vcruntime140.dll
0x00007ffcbdda0000 - 0x00007ffcbde3d000 	C:\Program Files\JetBrains\IntelliJ IDEA 2019.2.4\jbr\bin\msvcp140.dll
0x00007ffca9f10000 - 0x00007ffcaa9c8000 	C:\Program Files\JetBrains\IntelliJ IDEA 2019.2.4\jbr\bin\server\jvm.dll
0x00007ffcf2290000 - 0x00007ffcf2333000 	C:\Windows\System32\ADVAPI32.dll
0x00007ffcf4000000 - 0x00007ffcf409e000 	C:\Windows\System32\sechost.dll
0x00007ffcf2070000 - 0x00007ffcf2078000 	C:\Windows\System32\PSAPI.DLL
0x00007ffcd7d60000 - 0x00007ffcd7d69000 	C:\Windows\SYSTEM32\WSOCK32.dll
0x00007ffcf26d0000 - 0x00007ffcf273d000 	C:\Windows\System32\WS2_32.dll
0x00007ffcee4f0000 - 0x00007ffcee514000 	C:\Windows\SYSTEM32\WINMM.dll
0x00007ffce7030000 - 0x00007ffce703a000 	C:\Windows\SYSTEM32\VERSION.dll
0x00007ffcee4c0000 - 0x00007ffcee4ed000 	C:\Windows\SYSTEM32\WINMMBASE.dll
0x00007ffcf0870000 - 0x00007ffcf08ba000 	C:\Windows\System32\cfgmgr32.dll
0x00007ffcf07a0000 - 0x00007ffcf07b1000 	C:\Windows\System32\kernel.appcore.dll
0x00007ffcdae00000 - 0x00007ffcdae11000 	C:\Program Files\JetBrains\IntelliJ IDEA 2019.2.4\jbr\bin\verify.dll
0x00007ffcf02d0000 - 0x00007ffcf04bd000 	C:\Windows\SYSTEM32\DBGHELP.DLL
0x00007ffcefea0000 - 0x00007ffcefeca000 	C:\Windows\SYSTEM32\dbgcore.DLL
0x00007ffcdad80000 - 0x00007ffcdada9000 	C:\Program Files\JetBrains\IntelliJ IDEA 2019.2.4\jbr\bin\java.dll
0x00007ffccd240000 - 0x00007ffccd278000 	C:\Program Files\JetBrains\IntelliJ IDEA 2019.2.4\jbr\bin\jdwp.dll
0x00007ffcdaa80000 - 0x00007ffcdaab4000 	C:\Program Files\JetBrains\IntelliJ IDEA 2019.2.4\jbr\bin\instrument.dll
0x00007ffcdad60000 - 0x00007ffcdad77000 	C:\Program Files\JetBrains\IntelliJ IDEA 2019.2.4\jbr\bin\zip.dll
0x00007ffcee5c0000 - 0x00007ffcee5cb000 	C:\Program Files\JetBrains\IntelliJ IDEA 2019.2.4\jbr\bin\jimage.dll
0x00007ffcf2800000 - 0x00007ffcf3cf8000 	C:\Windows\System32\SHELL32.dll
0x00007ffcf3db0000 - 0x00007ffcf3e59000 	C:\Windows\System32\shcore.dll
0x00007ffcf0910000 - 0x00007ffcf1064000 	C:\Windows\System32\windows.storage.dll
0x00007ffcf0840000 - 0x00007ffcf0864000 	C:\Windows\System32\profapi.dll
0x00007ffcf07c0000 - 0x00007ffcf081d000 	C:\Windows\System32\powrprof.dll
0x00007ffcf1b50000 - 0x00007ffcf1ba2000 	C:\Windows\System32\shlwapi.dll
0x00007ffcf08f0000 - 0x00007ffcf0907000 	C:\Windows\System32\cryptsp.dll
0x00007ffcda2c0000 - 0x00007ffcda2cb000 	C:\Program Files\JetBrains\IntelliJ IDEA 2019.2.4\jbr\bin\dt_socket.dll
0x00007ffcefc20000 - 0x00007ffcefc87000 	C:\Windows\system32\mswsock.dll
0x00007ffcda950000 - 0x00007ffcda96a000 	C:\Program Files\JetBrains\IntelliJ IDEA 2019.2.4\jbr\bin\net.dll
0x00007ffce2d70000 - 0x00007ffce2e62000 	C:\Windows\SYSTEM32\WINHTTP.dll
0x00007ffcdf170000 - 0x00007ffcdf347000 	C:\Windows\SYSTEM32\urlmon.dll
0x00007ffcdf500000 - 0x00007ffcdf7a8000 	C:\Windows\SYSTEM32\iertutil.dll
0x00007ffcefe10000 - 0x00007ffcefe1c000 	C:\Windows\SYSTEM32\CRYPTBASE.DLL
0x00007ffcda930000 - 0x00007ffcda944000 	C:\Program Files\JetBrains\IntelliJ IDEA 2019.2.4\jbr\bin\nio.dll
0x00007ffcef980000 - 0x00007ffcefa47000 	C:\Windows\SYSTEM32\DNSAPI.dll
0x00007ffcf4780000 - 0x00007ffcf4788000 	C:\Windows\System32\NSI.dll
0x00007ffcef940000 - 0x00007ffcef97d000 	C:\Windows\SYSTEM32\IPHLPAPI.DLL
0x0000000076440000 - 0x0000000076475000 	C:\Program Files\Bonjour\mdnsNSP.dll
0x00007ffce2d60000 - 0x00007ffce2d6a000 	C:\Windows\System32\rasadhlp.dll
0x00007ffce2f70000 - 0x00007ffce2fe9000 	C:\Windows\System32\fwpuclnt.dll
0x00007ffcf08c0000 - 0x00007ffcf08e6000 	C:\Windows\System32\bcrypt.dll
0x00007ffcdadf0000 - 0x00007ffcdadfa000 	C:\Program Files\JetBrains\IntelliJ IDEA 2019.2.4\jbr\bin\management.dll
0x00007ffcdad30000 - 0x00007ffcdad3c000 	C:\Program Files\JetBrains\IntelliJ IDEA 2019.2.4\jbr\bin\management_ext.dll
0x00007ffcef7a0000 - 0x00007ffcef7d3000 	C:\Windows\system32\rsaenh.dll
0x00007ffcf0690000 - 0x00007ffcf06b8000 	C:\Windows\SYSTEM32\USERENV.dll
0x00007ffce3980000 - 0x00007ffce3996000 	C:\Windows\SYSTEM32\dhcpcsvc6.DLL
0x00007ffce3960000 - 0x00007ffce397c000 	C:\Windows\SYSTEM32\dhcpcsvc.DLL
0x00007ffcd39a0000 - 0x00007ffcd39b6000 	C:\Windows\system32\napinsp.dll
0x00007ffcd3980000 - 0x00007ffcd399a000 	C:\Windows\system32\pnrpnsp.dll
0x00007ffcd56e0000 - 0x00007ffcd56ee000 	C:\Windows\System32\winrnr.dll
0x00007ffced9c0000 - 0x00007ffced9db000 	C:\Windows\system32\NLAapi.dll
0x00007ffcd3960000 - 0x00007ffcd3975000 	C:\Windows\system32\wshbth.dll
0x0000000180000000 - 0x0000000180282000 	F:\FATHER\apache-tomcat-9.0.27\bin\tcnative-1.dll
0x00007ffcf1800000 - 0x00007ffcf19dc000 	C:\Windows\System32\CRYPT32.dll
0x00007ffcf0820000 - 0x00007ffcf0832000 	C:\Windows\System32\MSASN1.dll

dbghelp: loaded successfully - version: 4.0.5 - missing functions: none
symbol engine: initialized successfully - sym options: 0x614 - pdb path: .;C:\Program Files\JetBrains\IntelliJ IDEA 2019.2.4\jbr\bin;C:\Windows\SYSTEM32;C:\Windows\WinSxS\amd64_microsoft.windows.common-controls_6595b64144ccf1df_6.0.17763.1339_none_de7015e4534c7114;C:\Program Files\JetBrains\IntelliJ IDEA 2019.2.4\jbr\bin\server;C:\Program Files\Bonjour;F:\FATHER\apache-tomcat-9.0.27\bin

VM Arguments:
jvm_args: -agentlib:jdwp=transport=dt_socket,address=127.0.0.1:58724,suspend=y,server=n -XX:TieredStopAtLevel=1 -Xverify:none -Dspring.output.ansi.enabled=always -Dcom.sun.management.jmxremote -Dspring.jmx.enabled=true -Dspring.liveBeansView.mbeanDomain -Dspring.application.admin.enabled=true -javaagent:C:\Users\Victor\.IntelliJIdea2019.3\system\captureAgent\debugger-agent.jar -Dfile.encoding=UTF-8 
java_command: com.studio.youtubcom.YoutubcomApplication
java_class_path (initial): F:\Games\youtubcom\target\classes;C:\Users\Victor\.m2\repository\org\springframework\boot\spring-boot-starter-thymeleaf\2.3.1.RELEASE\spring-boot-starter-thymeleaf-2.3.1.RELEASE.jar;C:\Users\Victor\.m2\repository\org\springframework\boot\spring-boot-starter\2.3.1.RELEASE\spring-boot-starter-2.3.1.RELEASE.jar;C:\Users\Victor\.m2\repository\org\springframework\boot\spring-boot-starter-logging\2.3.1.RELEASE\spring-boot-starter-logging-2.3.1.RELEASE.jar;C:\Users\Victor\.m2\repository\ch\qos\logback\logback-classic\1.2.3\logback-classic-1.2.3.jar;C:\Users\Victor\.m2\repository\ch\qos\logback\logback-core\1.2.3\logback-core-1.2.3.jar;C:\Users\Victor\.m2\repository\org\apache\logging\log4j\log4j-to-slf4j\2.13.3\log4j-to-slf4j-2.13.3.jar;C:\Users\Victor\.m2\repository\org\apache\logging\log4j\log4j-api\2.13.3\log4j-api-2.13.3.jar;C:\Users\Victor\.m2\repository\org\slf4j\jul-to-slf4j\1.7.30\jul-to-slf4j-1.7.30.jar;C:\Users\Victor\.m2\repository\jakarta\annotation\jakarta.annotation-api\1.3.5\jakarta.annotation-api-1.3.5.jar;C:\Users\Victor\.m2\repository\org\yaml\snakeyaml\1.26\snakeyaml-1.26.jar;C:\Users\Victor\.m2\repository\org\thymeleaf\thymeleaf-spring5\3.0.11.RELEASE\thymeleaf-spring5-3.0.11.RELEASE.jar;C:\Users\Victor\.m2\repository\org\thymeleaf\thymeleaf\3.0.11.RELEASE\thymeleaf-3.0.11.RELEASE.jar;C:\Users\Victor\.m2\repository\org\attoparser\attoparser\2.0.5.RELEASE\attoparser-2.0.5.RELEASE.jar;C:\Users\Victor\.m2\repository\org\unbescape\unbescape\1.1.6.RELEASE\unbescape-1.1.6.RELEASE.jar;C:\Users\Victor\.m2\repository\org\slf4j\slf4j-api\1.7.30\slf4j-api-1.7.30.jar;C:\Users\Victor\.m2\repository\org\thymeleaf\extras\thymeleaf-extras-java8time\3.0.4.RELEASE\thymeleaf-extras-java8time-3.0.4.RELEASE.jar;C:\Users\Victor\.m2\repository\org\springframework\boot\spring-boot-starter-web\2.3.1.RELEASE\spring-boot-starter-web-2.3.1.RELEASE.jar;C:\Users\Victor\.m2\repository\org\springframework\boot\spring-boot-starter-json\2.3.1.RELEASE\spring-
Launcher Type: SUN_STANDARD

[Global flags]
     bool BytecodeVerificationLocal                = false                                     {product} {command line}
     bool BytecodeVerificationRemote               = false                                     {product} {command line}
     intx CICompilerCount                          = 3                                         {product} {ergonomic}
     uint ConcGCThreads                            = 1                                         {product} {ergonomic}
     uint G1ConcRefinementThreads                  = 4                                         {product} {ergonomic}
   size_t G1HeapRegionSize                         = 1048576                                   {product} {ergonomic}
    uintx GCDrainStackTargetSize                   = 64                                        {product} {ergonomic}
   size_t InitialHeapSize                          = 132120576                                 {product} {ergonomic}
     bool ManagementServer                         = true                                      {product} {command line}
   size_t MarkStackSize                            = 4194304                                   {product} {ergonomic}
   size_t MaxHeapSize                              = 2113929216                                {product} {ergonomic}
   size_t MaxNewSize                               = 1267728384                                {product} {ergonomic}
   size_t MinHeapDeltaBytes                        = 1048576                                   {product} {ergonomic}
    uintx NonNMethodCodeHeapSize                   = 6973028                                {pd product} {ergonomic}
    uintx NonProfiledCodeHeapSize                  = 244685212                              {pd product} {ergonomic}
    uintx ProfiledCodeHeapSize                     = 0                                      {pd product} {ergonomic}
    uintx ReservedCodeCacheSize                    = 251658240                              {pd product} {ergonomic}
     bool SegmentedCodeCache                       = true                                      {product} {ergonomic}
     intx TieredStopAtLevel                        = 1                                         {product} {command line}
     bool UseCompressedClassPointers               = true                                 {lp64_product} {ergonomic}
     bool UseCompressedOops                        = true                                 {lp64_product} {ergonomic}
     bool UseG1GC                                  = true                                      {product} {ergonomic}
     bool UseLargePagesIndividualAllocation        = false                                  {pd product} {ergonomic}

Logging:
Log output configuration:
 #0: stdout all=warning uptime,level,tags
 #1: stderr all=off uptime,level,tags

Environment Variables:
JAVA_HOME=C:\Program Files\Java\jdk-11.0.2
JRE_HOME=C:\Program Files\Java\jre1.8.0_202
PATH=C:\Program Files (x86)\Common Files\Oracle\Java\javapath;F:\FATHER\apache-tomcat-9.0.27\bin;C:\Program Files\Git\cmd;C:\Program Files (x86)\GtkSharp\2.12\bin;C:\Program Files\Dart\dart-sdk\bin;C:\Program Files\Redis\;C:\Users\Victor\AppData\Local\Microsoft\WindowsApps;
USERNAME=Victor
OS=Windows_NT
PROCESSOR_IDENTIFIER=Intel64 Family 6 Model 158 Stepping 9, GenuineIntel



---------------  S Y S T E M  ---------------

OS: Windows 10 , 64 bit Build 17763 (10.0.17763.1339)

CPU:total 4 (initial active 4) (4 cores per cpu, 1 threads per core) family 6 model 158 stepping 9, cmov, cx8, fxsr, mmx, sse, sse2, sse3, ssse3, sse4.1, sse4.2, popcnt, avx, avx2, aes, clmul, erms, rtm, 3dnowpref, lzcnt, tsc, tscinvbit, bmi1, bmi2, adx, fma

Memory: 4k page, system-wide physical 8057M (980M free)
TotalPageFile size 8857M (AvailPageFile size 2M)
current process WorkingSet (physical memory assigned to process): 241M, peak: 241M
current process commit charge ("private bytes"): 297M, peak: 328M

vm_info: OpenJDK 64-Bit Server VM (11.0.4+10-b520.11) for windows-amd64 JRE (11.0.4+10-b520.11), built on Nov 16 2019 04:35:14 by "" with MS VC++ 14.0 (VS2015)

END.
