#
# There is insufficient memory for the Java Runtime Environment to continue.
# Native memory allocation (mmap) failed to map 27262976 bytes for Failed to commit area from 0x0000000089e00000 to 0x000000008b800000 of length 27262976.
# Possible reasons:
#   The system is out of physical RAM or swap space
#   The process is running with CompressedOops enabled, and the Java Heap may be blocking the growth of the native heap
# Possible solutions:
#   Reduce memory load on the system
#   Increase physical memory or swap space
#   Check if swap backing store is full
#   Decrease Java heap size (-Xmx/-Xms)
#   Decrease number of Java threads
#   Decrease Java thread stack sizes (-Xss)
#   Set larger code cache with -XX:ReservedCodeCacheSize=
#   JVM is running with Unscaled Compressed Oops mode in which the Java heap is
#     placed in the first 4GB address space. The Java Heap base address is the
#     maximum limit for the native heap growth. Please use -XX:HeapBaseMinAddress
#     to set the Java Heap base and to place the Java Heap above 4GB virtual address.
# This output file may be truncated or incomplete.
#
#  Out of Memory Error (c:/BuildAgent/work/5ff2f6c26000d570/src/hotspot/os/windows/os_windows.cpp:3281), pid=8704, tid=9112
#
# JRE version: OpenJDK Runtime Environment (11.0.4+10) (build 11.0.4+10-b520.11)
# Java VM: OpenJDK 64-Bit Server VM (11.0.4+10-b520.11, mixed mode, tiered, compressed oops, g1 gc, windows-amd64)
# No core dump will be written. Minidumps are not enabled by default on client versions of Windows
#

---------------  S U M M A R Y ------------

Command Line: -agentlib:jdwp=transport=dt_socket,address=127.0.0.1:54268,suspend=y,server=n -XX:TieredStopAtLevel=1 -Xverify:none -Dspring.output.ansi.enabled=always -Dcom.sun.management.jmxremote -Dspring.jmx.enabled=true -Dspring.liveBeansView.mbeanDomain -Dspring.application.admin.enabled=true -javaagent:C:\Users\Victor\.IntelliJIdea2019.3\system\captureAgent\debugger-agent.jar -Dfile.encoding=UTF-8 com.studio.youtubcom.YoutubcomApplication

Host: Intel(R) Core(TM) i5-7500 CPU @ 3.40GHz, 4 cores, 7G,  Windows 10 , 64 bit Build 17763 (10.0.17763.1339)
Time: Sat Jul 18 08:51:17 2020 O?ieyia?y (e?oi) elapsed time: 2 seconds (0d 0h 0m 2s)

---------------  T H R E A D  ---------------

Current thread (0x0000022339dc9800):  VMThread "VM Thread" [stack: 0x0000007617a00000,0x0000007617b00000] [id=9112]

Stack: [0x0000007617a00000,0x0000007617b00000]
[error occurred during error reporting (printing stack bounds), id 0xc0000005, EXCEPTION_ACCESS_VIOLATION (0xc0000005) at pc=0x00000223236e0bad]

Native frames: (J=compiled Java code, j=interpreted, Vv=VM code, C=native code)
V  [jvm.dll+0x5db21a]
V  [jvm.dll+0x70c4f5]
V  [jvm.dll+0x70da18]
V  [jvm.dll+0x70e045]
V  [jvm.dll+0x70dffb]
V  [jvm.dll+0x5da9a8]
V  [jvm.dll+0x5dae08]
C  [ntdll.dll+0xa479f]
C  [ntdll.dll+0x4bef]
C  [ntdll.dll+0xa350e]
C  0x00000223236e0bad

VM_Operation (0x0000007618cfb310): G1CollectForAllocation, mode: safepoint, requested by thread 0x000002233be7b000


---------------  P R O C E S S  ---------------

Threads class SMR info:
_java_thread_list=0x000002233c52e8a0, length=18, elements={
0x000002231f739000, 0x0000022339def000, 0x0000022339df3800, 0x0000022339e12000,
0x0000022339e13000, 0x0000022339e15000, 0x000002233a764800, 0x0000022339d84800,
0x000002233a926000, 0x000002233a936000, 0x000002233a939800, 0x000002233ac73000,
0x000002233aacd000, 0x000002233be7a000, 0x000002233be7b000, 0x000002233c1ec800,
0x000002233bf5d800, 0x000002233c39d800
}

Java Threads: ( => current thread )
  0x000002231f739000 JavaThread "main" [_thread_blocked, id=7556, stack(0x0000007617400000,0x0000007617500000)]
  0x0000022339def000 JavaThread "Reference Handler" daemon [_thread_blocked, id=3548, stack(0x0000007617b00000,0x0000007617c00000)]
  0x0000022339df3800 JavaThread "Finalizer" daemon [_thread_blocked, id=5300, stack(0x0000007617c00000,0x0000007617d00000)]
  0x0000022339e12000 JavaThread "Signal Dispatcher" daemon [_thread_blocked, id=5092, stack(0x0000007617d00000,0x0000007617e00000)]
  0x0000022339e13000 JavaThread "Attach Listener" daemon [_thread_blocked, id=11016, stack(0x0000007617e00000,0x0000007617f00000)]
  0x0000022339e15000 JavaThread "C1 CompilerThread0" daemon [_thread_blocked, id=9208, stack(0x0000007617f00000,0x0000007618000000)]
  0x000002233a764800 JavaThread "Sweeper thread" daemon [_thread_blocked, id=2304, stack(0x0000007618000000,0x0000007618100000)]
  0x0000022339d84800 JavaThread "Common-Cleaner" daemon [_thread_blocked, id=8336, stack(0x0000007618100000,0x0000007618200000)]
  0x000002233a926000 JavaThread "JDWP Transport Listener: dt_socket" daemon [_thread_blocked, id=9244, stack(0x0000007618200000,0x0000007618300000)]
  0x000002233a936000 JavaThread "JDWP Event Helper Thread" daemon [_thread_blocked, id=9516, stack(0x0000007618300000,0x0000007618400000)]
  0x000002233a939800 JavaThread "JDWP Command Reader" daemon [_thread_in_native, id=8028, stack(0x0000007618400000,0x0000007618500000)]
  0x000002233ac73000 JavaThread "Service Thread" daemon [_thread_blocked, id=2948, stack(0x0000007618600000,0x0000007618700000)]
  0x000002233aacd000 JavaThread "RMI TCP Accept-0" daemon [_thread_in_native, id=9756, stack(0x0000007618900000,0x0000007618a00000)]
  0x000002233be7a000 JavaThread "Thread-0" [_thread_blocked, id=9616, stack(0x0000007618b00000,0x0000007618c00000)]
  0x000002233be7b000 JavaThread "restartedMain" [_thread_blocked, id=10036, stack(0x0000007618c00000,0x0000007618d00000)]
  0x000002233c1ec800 JavaThread "RMI TCP Connection(1)-192.168.0.104" daemon [_thread_in_native, id=8052, stack(0x0000007618d00000,0x0000007618e00000)]
  0x000002233bf5d800 JavaThread "RMI Scheduler(0)" daemon [_thread_blocked, id=4240, stack(0x0000007618f00000,0x0000007619000000)]
  0x000002233c39d800 JavaThread "RMI TCP Connection(2)-192.168.0.104" daemon [_thread_in_native, id=9272, stack(0x0000007619000000,0x0000007619100000)]

Other Threads:
=>0x0000022339dc9800 VMThread "VM Thread" [stack: 0x0000007617a00000,0x0000007617b00000] [id=9112]
  0x000002233aed8000 WatcherThread [stack: 0x0000007618a00000,0x0000007618b00000] [id=9380]
  0x000002231f750800 GCTaskThread "GC Thread#0" [stack: 0x0000007617500000,0x0000007617600000] [id=8720]
  0x000002233aeae800 GCTaskThread "GC Thread#1" [stack: 0x0000007618700000,0x0000007618800000] [id=7872]
  0x000002233aeaf000 GCTaskThread "GC Thread#2" [stack: 0x0000007618800000,0x0000007618900000] [id=2100]
  0x000002233c05e800 GCTaskThread "GC Thread#3" [stack: 0x0000007618e00000,0x0000007618f00000] [id=6124]
  0x000002231f77f000 ConcurrentGCThread "G1 Main Marker" [stack: 0x0000007617600000,0x0000007617700000] [id=7924]
  0x000002231f780800 ConcurrentGCThread "G1 Conc#0" [stack: 0x0000007617700000,0x0000007617800000] [id=5788]
  0x0000022339c34800 ConcurrentGCThread "G1 Refine#0" [stack: 0x0000007617800000,0x0000007617900000] [id=8480]
  0x0000022339c35000 ConcurrentGCThread "G1 Young RemSet Sampling" [stack: 0x0000007617900000,0x0000007617a00000] [id=10388]

Threads with active compile tasks:

VM state:at safepoint (normal execution)

VM Mutex/Monitor currently owned by a thread:  ([mutex/lock_event])
[0x000002231f7389b0] Threads_lock - owner thread: 0x0000022339dc9800
[0x000002231f738770] Heap_lock - owner thread: 0x000002233be7b000

Heap address: 0x0000000082000000, size: 2016 MB, Compressed Oops mode: 32-bit
Narrow klass base: 0x0000000000000000, Narrow klass shift: 3
Compressed class space size: 1073741824 Address: 0x0000000100000000

Heap:
 garbage-first heap   total 155648K, used 11246K [0x0000000082000000, 0x0000000100000000)
  region size 1024K, 6 young (6144K), 6 survivors (6144K)
 Metaspace       used 26342K, capacity 27209K, committed 27312K, reserved 1073152K
  class space    used 3102K, capacity 3453K, committed 3504K, reserved 1048576K
Heap Regions: E=young(eden), S=young(survivor), O=old, HS=humongous(starts), HC=humongous(continues), CS=collection set, F=free, A=archive, TAMS=top-at-mark-start (previous, next)
|   0|0x0000000082000000, 0x0000000082100000, 0x0000000082100000|100%|HS|  |TAMS 0x0000000082100000, 0x0000000082000000| Complete 
|   1|0x0000000082100000, 0x0000000082200000, 0x0000000082200000|100%| O|  |TAMS 0x0000000082200000, 0x0000000082100000| Untracked 
|   2|0x0000000082200000, 0x0000000082300000, 0x0000000082300000|100%| O|  |TAMS 0x0000000082300000, 0x0000000082200000| Untracked 
|   3|0x0000000082300000, 0x0000000082400000, 0x0000000082400000|100%| O|  |TAMS 0x000000008236e000, 0x0000000082300000| Untracked 
|   4|0x0000000082400000, 0x0000000082500000, 0x0000000082500000|100%| O|  |TAMS 0x0000000082400000, 0x0000000082400000| Untracked 
|   5|0x0000000082500000, 0x000000008256e000, 0x0000000082600000| 42%| O|  |TAMS 0x0000000082500000, 0x0000000082500000| Untracked 
|   6|0x0000000082600000, 0x0000000082600000, 0x0000000082700000|  0%| F|  |TAMS 0x0000000082600000, 0x0000000082600000| Untracked 
|   7|0x0000000082700000, 0x0000000082700000, 0x0000000082800000|  0%| F|  |TAMS 0x0000000082700000, 0x0000000082700000| Untracked 
|   8|0x0000000082800000, 0x0000000082800000, 0x0000000082900000|  0%| F|  |TAMS 0x0000000082800000, 0x0000000082800000| Untracked 
|   9|0x0000000082900000, 0x0000000082900000, 0x0000000082a00000|  0%| F|  |TAMS 0x0000000082900000, 0x0000000082900000| Untracked 
|  10|0x0000000082a00000, 0x0000000082a00000, 0x0000000082b00000|  0%| F|  |TAMS 0x0000000082a00000, 0x0000000082a00000| Untracked 
|  11|0x0000000082b00000, 0x0000000082b00000, 0x0000000082c00000|  0%| F|  |TAMS 0x0000000082b00000, 0x0000000082b00000| Untracked 
|  12|0x0000000082c00000, 0x0000000082c00000, 0x0000000082d00000|  0%| F|  |TAMS 0x0000000082c00000, 0x0000000082c00000| Untracked 
|  13|0x0000000082d00000, 0x0000000082d00000, 0x0000000082e00000|  0%| F|  |TAMS 0x0000000082d00000, 0x0000000082d00000| Untracked 
|  14|0x0000000082e00000, 0x0000000082e00000, 0x0000000082f00000|  0%| F|  |TAMS 0x0000000082e00000, 0x0000000082e00000| Untracked 
|  15|0x0000000082f00000, 0x0000000082f00000, 0x0000000083000000|  0%| F|  |TAMS 0x0000000082f00000, 0x0000000082f00000| Untracked 
|  16|0x0000000083000000, 0x0000000083000000, 0x0000000083100000|  0%| F|  |TAMS 0x0000000083000000, 0x0000000083000000| Untracked 
|  17|0x0000000083100000, 0x0000000083100000, 0x0000000083200000|  0%| F|  |TAMS 0x0000000083100000, 0x0000000083100000| Untracked 
|  18|0x0000000083200000, 0x0000000083200000, 0x0000000083300000|  0%| F|  |TAMS 0x0000000083200000, 0x0000000083200000| Untracked 
|  19|0x0000000083300000, 0x0000000083300000, 0x0000000083400000|  0%| F|  |TAMS 0x0000000083300000, 0x0000000083300000| Untracked 
|  20|0x0000000083400000, 0x0000000083400000, 0x0000000083500000|  0%| F|  |TAMS 0x0000000083400000, 0x0000000083400000| Untracked 
|  21|0x0000000083500000, 0x0000000083500000, 0x0000000083600000|  0%| F|  |TAMS 0x0000000083500000, 0x0000000083500000| Untracked 
|  22|0x0000000083600000, 0x0000000083600000, 0x0000000083700000|  0%| F|  |TAMS 0x0000000083600000, 0x0000000083600000| Untracked 
|  23|0x0000000083700000, 0x0000000083700000, 0x0000000083800000|  0%| F|  |TAMS 0x0000000083700000, 0x0000000083700000| Untracked 
|  24|0x0000000083800000, 0x0000000083800000, 0x0000000083900000|  0%| F|  |TAMS 0x0000000083800000, 0x0000000083800000| Untracked 
|  25|0x0000000083900000, 0x0000000083900000, 0x0000000083a00000|  0%| F|  |TAMS 0x0000000083900000, 0x0000000083900000| Untracked 
|  26|0x0000000083a00000, 0x0000000083a00000, 0x0000000083b00000|  0%| F|  |TAMS 0x0000000083a00000, 0x0000000083a00000| Untracked 
|  27|0x0000000083b00000, 0x0000000083b00000, 0x0000000083c00000|  0%| F|  |TAMS 0x0000000083b00000, 0x0000000083b00000| Untracked 
|  28|0x0000000083c00000, 0x0000000083c00000, 0x0000000083d00000|  0%| F|  |TAMS 0x0000000083c00000, 0x0000000083c00000| Untracked 
|  29|0x0000000083d00000, 0x0000000083d00000, 0x0000000083e00000|  0%| F|  |TAMS 0x0000000083d00000, 0x0000000083d00000| Untracked 
|  30|0x0000000083e00000, 0x0000000083e00000, 0x0000000083f00000|  0%| F|  |TAMS 0x0000000083e00000, 0x0000000083e00000| Untracked 
|  31|0x0000000083f00000, 0x0000000083f00000, 0x0000000084000000|  0%| F|  |TAMS 0x0000000083f00000, 0x0000000083f00000| Untracked 
|  32|0x0000000084000000, 0x0000000084000000, 0x0000000084100000|  0%| F|  |TAMS 0x0000000084000000, 0x0000000084000000| Untracked 
|  33|0x0000000084100000, 0x0000000084100000, 0x0000000084200000|  0%| F|  |TAMS 0x0000000084100000, 0x0000000084100000| Untracked 
|  34|0x0000000084200000, 0x0000000084200000, 0x0000000084300000|  0%| F|  |TAMS 0x0000000084200000, 0x0000000084200000| Untracked 
|  35|0x0000000084300000, 0x0000000084300000, 0x0000000084400000|  0%| F|  |TAMS 0x0000000084300000, 0x0000000084300000| Untracked 
|  36|0x0000000084400000, 0x0000000084400000, 0x0000000084500000|  0%| F|  |TAMS 0x0000000084400000, 0x0000000084400000| Untracked 
|  37|0x0000000084500000, 0x0000000084500000, 0x0000000084600000|  0%| F|  |TAMS 0x0000000084500000, 0x0000000084500000| Untracked 
|  38|0x0000000084600000, 0x0000000084600000, 0x0000000084700000|  0%| F|  |TAMS 0x0000000084600000, 0x0000000084600000| Untracked 
|  39|0x0000000084700000, 0x0000000084700000, 0x0000000084800000|  0%| F|  |TAMS 0x0000000084700000, 0x0000000084700000| Untracked 
|  40|0x0000000084800000, 0x0000000084800000, 0x0000000084900000|  0%| F|  |TAMS 0x0000000084800000, 0x0000000084800000| Untracked 
|  41|0x0000000084900000, 0x0000000084900000, 0x0000000084a00000|  0%| F|  |TAMS 0x0000000084900000, 0x0000000084900000| Untracked 
|  42|0x0000000084a00000, 0x0000000084a00000, 0x0000000084b00000|  0%| F|  |TAMS 0x0000000084a00000, 0x0000000084a00000| Untracked 
|  43|0x0000000084b00000, 0x0000000084b00000, 0x0000000084c00000|  0%| F|  |TAMS 0x0000000084b00000, 0x0000000084b00000| Untracked 
|  44|0x0000000084c00000, 0x0000000084c00000, 0x0000000084d00000|  0%| F|  |TAMS 0x0000000084c00000, 0x0000000084c00000| Untracked 
|  45|0x0000000084d00000, 0x0000000084d00000, 0x0000000084e00000|  0%| F|  |TAMS 0x0000000084d00000, 0x0000000084d00000| Untracked 
|  46|0x0000000084e00000, 0x0000000084e00000, 0x0000000084f00000|  0%| F|  |TAMS 0x0000000084e00000, 0x0000000084e00000| Untracked 
|  47|0x0000000084f00000, 0x0000000084f00000, 0x0000000085000000|  0%| F|  |TAMS 0x0000000084f00000, 0x0000000084f00000| Untracked 
|  48|0x0000000085000000, 0x0000000085000000, 0x0000000085100000|  0%| F|  |TAMS 0x0000000085000000, 0x0000000085000000| Untracked 
|  49|0x0000000085100000, 0x0000000085100000, 0x0000000085200000|  0%| F|  |TAMS 0x0000000085100000, 0x0000000085100000| Untracked 
|  50|0x0000000085200000, 0x0000000085200000, 0x0000000085300000|  0%| F|  |TAMS 0x0000000085200000, 0x0000000085200000| Untracked 
|  51|0x0000000085300000, 0x0000000085300000, 0x0000000085400000|  0%| F|  |TAMS 0x0000000085300000, 0x0000000085300000| Untracked 
|  52|0x0000000085400000, 0x000000008548d870, 0x0000000085500000| 55%| S|CS|TAMS 0x0000000085400000, 0x0000000085400000| Complete 
|  53|0x0000000085500000, 0x0000000085600000, 0x0000000085600000|100%| S|CS|TAMS 0x0000000085500000, 0x0000000085500000| Complete 
|  54|0x0000000085600000, 0x0000000085700000, 0x0000000085700000|100%| S|CS|TAMS 0x0000000085600000, 0x0000000085600000| Complete 
|  55|0x0000000085700000, 0x0000000085800000, 0x0000000085800000|100%| S|CS|TAMS 0x0000000085700000, 0x0000000085700000| Complete 
|  56|0x0000000085800000, 0x0000000085900000, 0x0000000085900000|100%| S|CS|TAMS 0x0000000085800000, 0x0000000085800000| Complete 
|  57|0x0000000085900000, 0x0000000085a00000, 0x0000000085a00000|100%| S|CS|TAMS 0x0000000085900000, 0x0000000085900000| Complete 
|  58|0x0000000085a00000, 0x0000000085a00000, 0x0000000085b00000|  0%| F|  |TAMS 0x0000000085a00000, 0x0000000085a00000| Untracked 
|  59|0x0000000085b00000, 0x0000000085b00000, 0x0000000085c00000|  0%| F|  |TAMS 0x0000000085b00000, 0x0000000085b00000| Untracked 
|  60|0x0000000085c00000, 0x0000000085c00000, 0x0000000085d00000|  0%| F|  |TAMS 0x0000000085c00000, 0x0000000085c00000| Untracked 
|  61|0x0000000085d00000, 0x0000000085d00000, 0x0000000085e00000|  0%| F|  |TAMS 0x0000000085d00000, 0x0000000085d00000| Untracked 
|  62|0x0000000085e00000, 0x0000000085e00000, 0x0000000085f00000|  0%| F|  |TAMS 0x0000000085e00000, 0x0000000085e00000| Untracked 
|  63|0x0000000085f00000, 0x0000000085f00000, 0x0000000086000000|  0%| F|  |TAMS 0x0000000085f00000, 0x0000000085f00000| Untracked 
|  64|0x0000000086000000, 0x0000000086000000, 0x0000000086100000|  0%| F|  |TAMS 0x0000000086000000, 0x0000000086000000| Untracked 
|  65|0x0000000086100000, 0x0000000086100000, 0x0000000086200000|  0%| F|  |TAMS 0x0000000086100000, 0x0000000086100000| Untracked 
|  66|0x0000000086200000, 0x0000000086200000, 0x0000000086300000|  0%| F|  |TAMS 0x0000000086200000, 0x0000000086200000| Untracked 
|  67|0x0000000086300000, 0x0000000086300000, 0x0000000086400000|  0%| F|  |TAMS 0x0000000086300000, 0x0000000086300000| Untracked 
|  68|0x0000000086400000, 0x0000000086400000, 0x0000000086500000|  0%| F|  |TAMS 0x0000000086400000, 0x0000000086400000| Untracked 
|  69|0x0000000086500000, 0x0000000086500000, 0x0000000086600000|  0%| F|  |TAMS 0x0000000086500000, 0x0000000086500000| Untracked 
|  70|0x0000000086600000, 0x0000000086600000, 0x0000000086700000|  0%| F|  |TAMS 0x0000000086600000, 0x0000000086600000| Untracked 
|  71|0x0000000086700000, 0x0000000086700000, 0x0000000086800000|  0%| F|  |TAMS 0x0000000086700000, 0x0000000086700000| Untracked 
|  72|0x0000000086800000, 0x0000000086800000, 0x0000000086900000|  0%| F|  |TAMS 0x0000000086800000, 0x0000000086800000| Untracked 
|  73|0x0000000086900000, 0x0000000086900000, 0x0000000086a00000|  0%| F|  |TAMS 0x0000000086900000, 0x0000000086900000| Untracked 
|  74|0x0000000086a00000, 0x0000000086a00000, 0x0000000086b00000|  0%| F|  |TAMS 0x0000000086a00000, 0x0000000086a00000| Untracked 
|  75|0x0000000086b00000, 0x0000000086b00000, 0x0000000086c00000|  0%| F|  |TAMS 0x0000000086b00000, 0x0000000086b00000| Untracked 
|  76|0x0000000086c00000, 0x0000000086c00000, 0x0000000086d00000|  0%| F|  |TAMS 0x0000000086c00000, 0x0000000086c00000| Untracked 
|  77|0x0000000086d00000, 0x0000000086d00000, 0x0000000086e00000|  0%| F|  |TAMS 0x0000000086d00000, 0x0000000086d00000| Untracked 
|  78|0x0000000086e00000, 0x0000000086e00000, 0x0000000086f00000|  0%| F|  |TAMS 0x0000000086e00000, 0x0000000086e00000| Untracked 
|  79|0x0000000086f00000, 0x0000000086f00000, 0x0000000087000000|  0%| F|  |TAMS 0x0000000086f00000, 0x0000000086f00000| Untracked 
|  80|0x0000000087000000, 0x0000000087000000, 0x0000000087100000|  0%| F|  |TAMS 0x0000000087000000, 0x0000000087000000| Untracked 
|  81|0x0000000087100000, 0x0000000087100000, 0x0000000087200000|  0%| F|  |TAMS 0x0000000087100000, 0x0000000087100000| Untracked 
|  82|0x0000000087200000, 0x0000000087200000, 0x0000000087300000|  0%| F|  |TAMS 0x0000000087200000, 0x0000000087200000| Untracked 
|  83|0x0000000087300000, 0x0000000087300000, 0x0000000087400000|  0%| F|  |TAMS 0x0000000087300000, 0x0000000087300000| Untracked 
|  84|0x0000000087400000, 0x0000000087400000, 0x0000000087500000|  0%| F|  |TAMS 0x0000000087400000, 0x0000000087400000| Untracked 
|  85|0x0000000087500000, 0x0000000087500000, 0x0000000087600000|  0%| F|  |TAMS 0x0000000087500000, 0x0000000087500000| Untracked 
|  86|0x0000000087600000, 0x0000000087600000, 0x0000000087700000|  0%| F|  |TAMS 0x0000000087600000, 0x0000000087600000| Untracked 
|  87|0x0000000087700000, 0x0000000087700000, 0x0000000087800000|  0%| F|  |TAMS 0x0000000087700000, 0x0000000087700000| Untracked 
|  88|0x0000000087800000, 0x0000000087800000, 0x0000000087900000|  0%| F|  |TAMS 0x0000000087800000, 0x0000000087800000| Untracked 
|  89|0x0000000087900000, 0x0000000087900000, 0x0000000087a00000|  0%| F|  |TAMS 0x0000000087900000, 0x0000000087900000| Untracked 
|  90|0x0000000087a00000, 0x0000000087a00000, 0x0000000087b00000|  0%| F|  |TAMS 0x0000000087a00000, 0x0000000087a00000| Untracked 
|  91|0x0000000087b00000, 0x0000000087b00000, 0x0000000087c00000|  0%| F|  |TAMS 0x0000000087b00000, 0x0000000087b00000| Untracked 
|  92|0x0000000087c00000, 0x0000000087c00000, 0x0000000087d00000|  0%| F|  |TAMS 0x0000000087c00000, 0x0000000087c00000| Untracked 
|  93|0x0000000087d00000, 0x0000000087d00000, 0x0000000087e00000|  0%| F|  |TAMS 0x0000000087d00000, 0x0000000087d00000| Untracked 
|  94|0x0000000087e00000, 0x0000000087e00000, 0x0000000087f00000|  0%| F|  |TAMS 0x0000000087e00000, 0x0000000087e00000| Untracked 
|  95|0x0000000087f00000, 0x0000000087f00000, 0x0000000088000000|  0%| F|  |TAMS 0x0000000087f00000, 0x0000000087f00000| Untracked 
|  96|0x0000000088000000, 0x0000000088000000, 0x0000000088100000|  0%| F|  |TAMS 0x0000000088000000, 0x0000000088000000| Untracked 
|  97|0x0000000088100000, 0x0000000088100000, 0x0000000088200000|  0%| F|  |TAMS 0x0000000088100000, 0x0000000088100000| Untracked 
|  98|0x0000000088200000, 0x0000000088200000, 0x0000000088300000|  0%| F|  |TAMS 0x0000000088200000, 0x0000000088200000| Untracked 
|  99|0x0000000088300000, 0x0000000088300000, 0x0000000088400000|  0%| F|  |TAMS 0x0000000088300000, 0x0000000088300000| Untracked 
| 100|0x0000000088400000, 0x0000000088400000, 0x0000000088500000|  0%| F|  |TAMS 0x0000000088400000, 0x0000000088400000| Untracked 
| 101|0x0000000088500000, 0x0000000088500000, 0x0000000088600000|  0%| F|  |TAMS 0x0000000088500000, 0x0000000088500000| Untracked 
| 102|0x0000000088600000, 0x0000000088600000, 0x0000000088700000|  0%| F|  |TAMS 0x0000000088600000, 0x0000000088600000| Untracked 
| 103|0x0000000088700000, 0x0000000088700000, 0x0000000088800000|  0%| F|  |TAMS 0x0000000088700000, 0x0000000088700000| Untracked 
| 104|0x0000000088800000, 0x0000000088800000, 0x0000000088900000|  0%| F|  |TAMS 0x0000000088800000, 0x0000000088800000| Untracked 
| 105|0x0000000088900000, 0x0000000088900000, 0x0000000088a00000|  0%| F|  |TAMS 0x0000000088900000, 0x0000000088900000| Untracked 
| 106|0x0000000088a00000, 0x0000000088a00000, 0x0000000088b00000|  0%| F|  |TAMS 0x0000000088a00000, 0x0000000088a00000| Untracked 
| 107|0x0000000088b00000, 0x0000000088b00000, 0x0000000088c00000|  0%| F|  |TAMS 0x0000000088b00000, 0x0000000088b00000| Untracked 
| 108|0x0000000088c00000, 0x0000000088c00000, 0x0000000088d00000|  0%| F|  |TAMS 0x0000000088c00000, 0x0000000088c00000| Untracked 
| 109|0x0000000088d00000, 0x0000000088d00000, 0x0000000088e00000|  0%| F|  |TAMS 0x0000000088d00000, 0x0000000088d00000| Untracked 
| 110|0x0000000088e00000, 0x0000000088e00000, 0x0000000088f00000|  0%| F|  |TAMS 0x0000000088e00000, 0x0000000088e00000| Untracked 
| 111|0x0000000088f00000, 0x0000000088f00000, 0x0000000089000000|  0%| F|  |TAMS 0x0000000088f00000, 0x0000000088f00000| Untracked 
| 112|0x0000000089000000, 0x0000000089000000, 0x0000000089100000|  0%| F|  |TAMS 0x0000000089000000, 0x0000000089000000| Untracked 
| 113|0x0000000089100000, 0x0000000089100000, 0x0000000089200000|  0%| F|  |TAMS 0x0000000089100000, 0x0000000089100000| Untracked 
| 114|0x0000000089200000, 0x0000000089200000, 0x0000000089300000|  0%| F|  |TAMS 0x0000000089200000, 0x0000000089200000| Untracked 
| 115|0x0000000089300000, 0x0000000089300000, 0x0000000089400000|  0%| F|  |TAMS 0x0000000089300000, 0x0000000089300000| Untracked 
| 116|0x0000000089400000, 0x0000000089400000, 0x0000000089500000|  0%| F|  |TAMS 0x0000000089400000, 0x0000000089400000| Untracked 
| 117|0x0000000089500000, 0x0000000089500000, 0x0000000089600000|  0%| F|  |TAMS 0x0000000089500000, 0x0000000089500000| Untracked 
| 118|0x0000000089600000, 0x0000000089600000, 0x0000000089700000|  0%| F|  |TAMS 0x0000000089600000, 0x0000000089600000| Untracked 
| 119|0x0000000089700000, 0x0000000089700000, 0x0000000089800000|  0%| F|  |TAMS 0x0000000089700000, 0x0000000089700000| Untracked 
| 120|0x0000000089800000, 0x0000000089800000, 0x0000000089900000|  0%| F|  |TAMS 0x0000000089800000, 0x0000000089800000| Untracked 
| 121|0x0000000089900000, 0x0000000089900000, 0x0000000089a00000|  0%| F|  |TAMS 0x0000000089900000, 0x0000000089900000| Untracked 
| 122|0x0000000089a00000, 0x0000000089a00000, 0x0000000089b00000|  0%| F|  |TAMS 0x0000000089a00000, 0x0000000089a00000| Untracked 
| 123|0x0000000089b00000, 0x0000000089b00000, 0x0000000089c00000|  0%| F|  |TAMS 0x0000000089b00000, 0x0000000089b00000| Untracked 
| 124|0x0000000089c00000, 0x0000000089c00000, 0x0000000089d00000|  0%| F|  |TAMS 0x0000000089c00000, 0x0000000089c00000| Untracked 
| 125|0x0000000089d00000, 0x0000000089d00000, 0x0000000089e00000|  0%| F|  |TAMS 0x0000000089d00000, 0x0000000089d00000| Untracked 

Card table byte_map: [0x00000223330f0000,0x00000223334e0000] _byte_map_base: 0x0000022332ce0000

Marking Bits (Prev, Next): (CMBitMap*) 0x000002231f776520, (CMBitMap*) 0x000002231f7764e8
 Prev Bits: [0x0000022335850000, 0x00000223377d0000)
 Next Bits: [0x00000223338d0000, 0x0000022335850000)

Polling page: 0x000002231dd70000

Metaspace:

Usage:
  Non-class:     23.20 MB capacity,    22.70 MB ( 98%) used,   420.55 KB (  2%) free+waste,    95.56 KB ( <1%) overhead. 
      Class:      3.37 MB capacity,     3.03 MB ( 90%) used,   302.43 KB (  9%) free+waste,    47.69 KB (  1%) overhead. 
       Both:     26.57 MB capacity,    25.73 MB ( 97%) used,   722.98 KB (  3%) free+waste,   143.25 KB ( <1%) overhead. 

Virtual space:
  Non-class space:       24.00 MB reserved,      23.25 MB ( 97%) committed 
      Class space:        1.00 GB reserved,       3.42 MB ( <1%) committed 
             Both:        1.02 GB reserved,      26.67 MB (  3%) committed 

Chunk freelists:
   Non-Class:  52.00 KB
       Class:  3.00 KB
        Both:  55.00 KB

CodeHeap 'non-profiled nmethods': size=238912Kb used=4558Kb max_used=4558Kb free=234353Kb
 bounds [0x0000022323d90000, 0x0000022324210000, 0x00000223326e0000]
CodeHeap 'non-nmethods': size=6848Kb used=1229Kb max_used=1229Kb free=5618Kb
 bounds [0x00000223236e0000, 0x0000022323950000, 0x0000022323d90000]
 total_blobs=3269 nmethods=2782 adapters=405
 compilation: enabled
              stopped_count=0, restarted_count=0
 full_count=0

Compilation events (10 events):
Event: 2.016 Thread 0x0000022339e15000 2776       1       org.springframework.boot.autoconfigure.condition.ConditionEvaluationReport::recordConditionEvaluation (84 bytes)
Event: 2.016 Thread 0x0000022339e15000 nmethod 2776 0x0000022324201b10 code [0x0000022324201da0, 0x0000022324202530]
Event: 2.016 Thread 0x0000022339e15000 2777       1       org.springframework.boot.autoconfigure.condition.ConditionEvaluationReport$ConditionAndOutcomes::add (20 bytes)
Event: 2.017 Thread 0x0000022339e15000 nmethod 2777 0x0000022324202910 code [0x0000022324202ae0, 0x0000022324202d50]
Event: 2.017 Thread 0x0000022339e15000 2778       1       org.springframework.boot.autoconfigure.condition.ConditionEvaluationReport$ConditionAndOutcome::<init> (15 bytes)
Event: 2.017 Thread 0x0000022339e15000 nmethod 2778 0x0000022324202e10 code [0x0000022324202fc0, 0x0000022324203178]
Event: 2.017 Thread 0x0000022339e15000 2779       1       org.springframework.boot.autoconfigure.condition.ConditionEvaluationReport$ConditionAndOutcome::hashCode (22 bytes)
Event: 2.017 Thread 0x0000022339e15000 nmethod 2779 0x0000022324203210 code [0x00000223242033e0, 0x00000223242035a0]
Event: 2.018 Thread 0x0000022339e15000 2782       1       org.springframework.beans.factory.support.AbstractBeanDefinition::getScope (5 bytes)
Event: 2.018 Thread 0x0000022339e15000 nmethod 2782 0x0000022324203710 code [0x00000223242038c0, 0x00000223242039d8]

GC Heap History (9 events):
Event: 0.712 GC heap before
{Heap before GC invocations=0 (full 0):
 garbage-first heap   total 129024K, used 15360K [0x0000000082000000, 0x0000000100000000)
  region size 1024K, 14 young (14336K), 0 survivors (0K)
 Metaspace       used 10996K, capacity 11286K, committed 11520K, reserved 1058816K
  class space    used 1142K, capacity 1233K, committed 1280K, reserved 1048576K
}
Event: 0.718 GC heap after
{Heap after GC invocations=1 (full 0):
 garbage-first heap   total 129024K, used 5560K [0x0000000082000000, 0x0000000100000000)
  region size 1024K, 2 young (2048K), 2 survivors (2048K)
 Metaspace       used 10996K, capacity 11286K, committed 11520K, reserved 1058816K
  class space    used 1142K, capacity 1233K, committed 1280K, reserved 1048576K
}
Event: 1.144 GC heap before
{Heap before GC invocations=1 (full 0):
 garbage-first heap   total 129024K, used 79288K [0x0000000082000000, 0x0000000100000000)
  region size 1024K, 75 young (76800K), 2 survivors (2048K)
 Metaspace       used 17747K, capacity 18290K, committed 18560K, reserved 1064960K
  class space    used 1923K, capacity 2130K, committed 2176K, reserved 1048576K
}
Event: 1.163 GC heap after
{Heap after GC invocations=2 (full 0):
 garbage-first heap   total 129024K, used 8025K [0x0000000082000000, 0x0000000100000000)
  region size 1024K, 5 young (5120K), 5 survivors (5120K)
 Metaspace       used 17747K, capacity 18290K, committed 18560K, reserved 1064960K
  class space    used 1923K, capacity 2130K, committed 2176K, reserved 1048576K
}
Event: 1.273 GC heap before
{Heap before GC invocations=2 (full 0):
 garbage-first heap   total 129024K, used 26457K [0x0000000082000000, 0x0000000100000000)
  region size 1024K, 25 young (25600K), 5 survivors (5120K)
 Metaspace       used 20644K, capacity 21214K, committed 21296K, reserved 1069056K
  class space    used 2330K, capacity 2562K, committed 2608K, reserved 1048576K
}
Event: 1.278 GC heap after
{Heap after GC invocations=3 (full 0):
 garbage-first heap   total 129024K, used 8585K [0x0000000082000000, 0x0000000100000000)
  region size 1024K, 5 young (5120K), 5 survivors (5120K)
 Metaspace       used 20644K, capacity 21214K, committed 21296K, reserved 1069056K
  class space    used 2330K, capacity 2562K, committed 2608K, reserved 1048576K
}
Event: 1.655 GC heap before
{Heap before GC invocations=4 (full 0):
 garbage-first heap   total 129024K, used 79241K [0x0000000082000000, 0x0000000100000000)
  region size 1024K, 75 young (76800K), 5 survivors (5120K)
 Metaspace       used 25221K, capacity 26060K, committed 26160K, reserved 1073152K
  class space    used 2943K, capacity 3291K, committed 3376K, reserved 1048576K
}
Event: 1.661 GC heap after
{Heap after GC invocations=5 (full 0):
 garbage-first heap   total 129024K, used 10503K [0x0000000082000000, 0x0000000100000000)
  region size 1024K, 7 young (7168K), 7 survivors (7168K)
 Metaspace       used 25221K, capacity 26060K, committed 26160K, reserved 1073152K
  class space    used 2943K, capacity 3291K, committed 3376K, reserved 1048576K
}
Event: 2.022 GC heap before
{Heap before GC invocations=5 (full 0):
 garbage-first heap   total 129024K, used 80135K [0x0000000082000000, 0x0000000100000000)
  region size 1024K, 75 young (76800K), 7 survivors (7168K)
 Metaspace       used 26342K, capacity 27209K, committed 27312K, reserved 1073152K
  class space    used 3102K, capacity 3453K, committed 3504K, reserved 1048576K
}

Deoptimization events (10 events):
Event: 2.015 Thread 0x000002233be7b000 DEOPT PACKING pc=0x000002232411753c sp=0x0000007618cfc6a0
Event: 2.015 Thread 0x000002233be7b000 DEOPT UNPACKING pc=0x000002232371d44e sp=0x0000007618cfbb48 mode 1
Event: 2.015 Thread 0x000002233be7b000 DEOPT PACKING pc=0x0000022324116164 sp=0x0000007618cfc700
Event: 2.015 Thread 0x000002233be7b000 DEOPT UNPACKING pc=0x000002232371d44e sp=0x0000007618cfbc50 mode 1
Event: 2.017 Thread 0x000002233be7b000 DEOPT PACKING pc=0x0000022324117e21 sp=0x0000007618cfca80
Event: 2.017 Thread 0x000002233be7b000 DEOPT UNPACKING pc=0x000002232371d44e sp=0x0000007618cfbf48 mode 1
Event: 2.017 Thread 0x000002233be7b000 DEOPT PACKING pc=0x000002232411753c sp=0x0000007618cfcb00
Event: 2.017 Thread 0x000002233be7b000 DEOPT UNPACKING pc=0x000002232371d44e sp=0x0000007618cfbfa8 mode 1
Event: 2.017 Thread 0x000002233be7b000 DEOPT PACKING pc=0x0000022324116164 sp=0x0000007618cfcb60
Event: 2.017 Thread 0x000002233be7b000 DEOPT UNPACKING pc=0x000002232371d44e sp=0x0000007618cfc0b0 mode 1

Classes redefined (0 events):
No events

Internal exceptions (10 events):
Event: 1.451 Thread 0x000002233be7b000 Exception <a 'java/lang/ClassNotFoundException'{0x0000000088b86248}: org/springframework/context/ResourceLoaderAwareCustomizer> (0x0000000088b86248) thrown at [c:/BuildAgent/work/5ff2f6c26000d570/src/hotspot/share/classfile/systemDictionary.cpp, line 231]
Event: 1.452 Thread 0x000002233be7b000 Exception <a 'java/lang/ClassNotFoundException'{0x0000000088b94ca0}: org/springframework/beans/factory/AwareCustomizer> (0x0000000088b94ca0) thrown at [c:/BuildAgent/work/5ff2f6c26000d570/src/hotspot/share/classfile/systemDictionary.cpp, line 231]
Event: 1.452 Thread 0x000002233be7b000 Exception <a 'java/lang/ClassNotFoundException'{0x0000000088ba4188}: org/springframework/beans/factory/BeanClassLoaderAwareCustomizer> (0x0000000088ba4188) thrown at [c:/BuildAgent/work/5ff2f6c26000d570/src/hotspot/share/classfile/systemDictionary.cpp, li
Event: 1.452 Thread 0x000002233be7b000 Exception <a 'java/lang/ClassNotFoundException'{0x0000000088bb2eb8}: org/springframework/beans/factory/AwareCustomizer> (0x0000000088bb2eb8) thrown at [c:/BuildAgent/work/5ff2f6c26000d570/src/hotspot/share/classfile/systemDictionary.cpp, line 231]
Event: 1.453 Thread 0x000002233be7b000 Exception <a 'java/lang/ClassNotFoundException'{0x0000000088bc12d8}: org/springframework/context/EnvironmentAwareCustomizer> (0x0000000088bc12d8) thrown at [c:/BuildAgent/work/5ff2f6c26000d570/src/hotspot/share/classfile/systemDictionary.cpp, line 231]
Event: 1.453 Thread 0x000002233be7b000 Exception <a 'java/lang/ClassNotFoundException'{0x0000000088bcfc98}: org/springframework/beans/factory/AwareCustomizer> (0x0000000088bcfc98) thrown at [c:/BuildAgent/work/5ff2f6c26000d570/src/hotspot/share/classfile/systemDictionary.cpp, line 231]
Event: 1.522 Thread 0x000002233be7b000 Exception <a 'java/lang/NoSuchMethodError'{0x000000008826a600}: 'int java.lang.invoke.DirectMethodHandle$Holder.invokeSpecialIFC(java.lang.Object, java.lang.Object, java.lang.Object, java.lang.Object)'> (0x000000008826a600) thrown at [c:/BuildAgent/work/5
Event: 1.615 Thread 0x000002233be7b000 Exception <a 'java/lang/IncompatibleClassChangeError'{0x000000008566eb30}: Found class java.lang.Object, but interface was expected> (0x000000008566eb30) thrown at [c:/BuildAgent/work/5ff2f6c26000d570/src/hotspot/share/interpreter/linkResolver.cpp, line 8
Event: 1.651 Thread 0x000002233be7b000 Exception <a 'java/lang/NoSuchMethodError'{0x0000000085323418}: 'void java.lang.invoke.DirectMethodHandle$Holder.invokeInterface(java.lang.Object, java.lang.Object, java.lang.Object, java.lang.Object)'> (0x0000000085323418) thrown at [c:/BuildAgent/work/5
Event: 1.955 Thread 0x000002233c39d800 Exception <a 'java/lang/reflect/InvocationTargetException'{0x00000000895918f8}> (0x00000000895918f8) thrown at [c:/BuildAgent/work/5ff2f6c26000d570/src/hotspot/share/runtime/reflection.cpp, line 1246]

Events (10 events):
Event: 2.020 loading class org/springframework/web/accept/MediaTypeFileExtensionResolver done
Event: 2.020 loading class org/springframework/web/servlet/mvc/method/annotation/RequestMappingHandlerMapping
Event: 2.020 loading class org/springframework/web/servlet/mvc/method/annotation/RequestMappingHandlerMapping done
Event: 2.021 loading class org/springframework/web/servlet/mvc/method/RequestMappingInfoHandlerMapping
Event: 2.021 loading class org/springframework/web/servlet/mvc/method/RequestMappingInfoHandlerMapping done
Event: 2.021 loading class org/springframework/web/servlet/handler/AbstractHandlerMethodMapping
Event: 2.021 loading class org/springframework/web/servlet/handler/AbstractHandlerMethodMapping done
Event: 2.022 loading class org/springframework/web/servlet/mvc/method/annotation/RequestMappingHandlerAdapter
Event: 2.022 loading class org/springframework/web/servlet/mvc/method/annotation/RequestMappingHandlerAdapter done
Event: 2.022 Executing VM operation: G1CollectForAllocation


Dynamic libraries:
0x00007ff756250000 - 0x00007ff756297000 	C:\Program Files\JetBrains\IntelliJ IDEA 2019.2.4\jbr\bin\java.exe
0x00007ff810230000 - 0x00007ff81041d000 	C:\Windows\SYSTEM32\ntdll.dll
0x00007ff80d470000 - 0x00007ff80d523000 	C:\Windows\System32\KERNEL32.DLL
0x00007ff80cfc0000 - 0x00007ff80d255000 	C:\Windows\System32\KERNELBASE.dll
0x00007ff80e110000 - 0x00007ff80e2a7000 	C:\Windows\System32\USER32.dll
0x00007ff80cdc0000 - 0x00007ff80cde0000 	C:\Windows\System32\win32u.dll
0x00007ff80e2b0000 - 0x00007ff80e2d9000 	C:\Windows\System32\GDI32.dll
0x00007ff80d260000 - 0x00007ff80d3fb000 	C:\Windows\System32\gdi32full.dll
0x00007ff80c2e0000 - 0x00007ff80c380000 	C:\Windows\System32\msvcp_win.dll
0x00007ff80c380000 - 0x00007ff80c47a000 	C:\Windows\System32\ucrtbase.dll
0x00007ffff7e90000 - 0x00007ffff8109000 	C:\Windows\WinSxS\amd64_microsoft.windows.common-controls_6595b64144ccf1df_6.0.17763.1339_none_de7015e4534c7114\COMCTL32.dll
0x00007ff80d990000 - 0x00007ff80da2e000 	C:\Windows\System32\msvcrt.dll
0x00007ff80dbe0000 - 0x00007ff80df0c000 	C:\Windows\System32\combase.dll
0x00007ff80d590000 - 0x00007ff80d6b2000 	C:\Windows\System32\RPCRT4.dll
0x00007ff80c480000 - 0x00007ff80c4fe000 	C:\Windows\System32\bcryptPrimitives.dll
0x00007ff80fa70000 - 0x00007ff80fa9e000 	C:\Windows\System32\IMM32.DLL
0x00007fffef430000 - 0x00007fffef447000 	C:\Program Files\JetBrains\IntelliJ IDEA 2019.2.4\jbr\bin\vcruntime140.dll
0x00007fffda800000 - 0x00007fffda89d000 	C:\Program Files\JetBrains\IntelliJ IDEA 2019.2.4\jbr\bin\msvcp140.dll
0x00007fffd6c70000 - 0x00007fffd7728000 	C:\Program Files\JetBrains\IntelliJ IDEA 2019.2.4\jbr\bin\server\jvm.dll
0x00007ff80e410000 - 0x00007ff80e4b3000 	C:\Windows\System32\ADVAPI32.dll
0x00007ff80e060000 - 0x00007ff80e0fe000 	C:\Windows\System32\sechost.dll
0x00007ff80dfd0000 - 0x00007ff80dfd8000 	C:\Windows\System32\PSAPI.DLL
0x00007ffff9440000 - 0x00007ffff9449000 	C:\Windows\SYSTEM32\WSOCK32.dll
0x00007ff80dfe0000 - 0x00007ff80e04d000 	C:\Windows\System32\WS2_32.dll
0x00007ff809e00000 - 0x00007ff809e24000 	C:\Windows\SYSTEM32\WINMM.dll
0x00007ff806030000 - 0x00007ff80603a000 	C:\Windows\SYSTEM32\VERSION.dll
0x00007ff809dd0000 - 0x00007ff809dfd000 	C:\Windows\SYSTEM32\WINMMBASE.dll
0x00007ff80d400000 - 0x00007ff80d44a000 	C:\Windows\System32\cfgmgr32.dll
0x00007ff80c2a0000 - 0x00007ff80c2b1000 	C:\Windows\System32\kernel.appcore.dll
0x00007ff808b90000 - 0x00007ff808ba1000 	C:\Program Files\JetBrains\IntelliJ IDEA 2019.2.4\jbr\bin\verify.dll
0x00007ffffcf30000 - 0x00007ffffd11d000 	C:\Windows\SYSTEM32\DBGHELP.DLL
0x00007ffff8400000 - 0x00007ffff842a000 	C:\Windows\SYSTEM32\dbgcore.DLL
0x00007ff808b60000 - 0x00007ff808b89000 	C:\Program Files\JetBrains\IntelliJ IDEA 2019.2.4\jbr\bin\java.dll
0x00007ffff1af0000 - 0x00007ffff1b28000 	C:\Program Files\JetBrains\IntelliJ IDEA 2019.2.4\jbr\bin\jdwp.dll
0x00007ff808380000 - 0x00007ff8083b4000 	C:\Program Files\JetBrains\IntelliJ IDEA 2019.2.4\jbr\bin\instrument.dll
0x00007ff808b40000 - 0x00007ff808b57000 	C:\Program Files\JetBrains\IntelliJ IDEA 2019.2.4\jbr\bin\zip.dll
0x00007ff805e90000 - 0x00007ff805e9b000 	C:\Program Files\JetBrains\IntelliJ IDEA 2019.2.4\jbr\bin\jimage.dll
0x00007ff80e570000 - 0x00007ff80fa68000 	C:\Windows\System32\SHELL32.dll
0x00007ff80e360000 - 0x00007ff80e409000 	C:\Windows\System32\shcore.dll
0x00007ff80c610000 - 0x00007ff80cd64000 	C:\Windows\System32\windows.storage.dll
0x00007ff80c210000 - 0x00007ff80c234000 	C:\Windows\System32\profapi.dll
0x00007ff80c240000 - 0x00007ff80c29d000 	C:\Windows\System32\powrprof.dll
0x00007ff80df70000 - 0x00007ff80dfc2000 	C:\Windows\System32\shlwapi.dll
0x00007ff80cd70000 - 0x00007ff80cd87000 	C:\Windows\System32\cryptsp.dll
0x00007ff808bd0000 - 0x00007ff808bdb000 	C:\Program Files\JetBrains\IntelliJ IDEA 2019.2.4\jbr\bin\dt_socket.dll
0x00007ff80ba70000 - 0x00007ff80bad7000 	C:\Windows\system32\mswsock.dll
0x00007ff805c90000 - 0x00007ff805caa000 	C:\Program Files\JetBrains\IntelliJ IDEA 2019.2.4\jbr\bin\net.dll
0x00007ffffbd00000 - 0x00007ffffbed7000 	C:\Windows\SYSTEM32\urlmon.dll
0x00007ff8029b0000 - 0x00007ff802aa2000 	C:\Windows\SYSTEM32\WINHTTP.dll
0x00007ffffba30000 - 0x00007ffffbcd8000 	C:\Windows\SYSTEM32\iertutil.dll
0x00007ff80bc40000 - 0x00007ff80bc4c000 	C:\Windows\SYSTEM32\CRYPTBASE.DLL
0x00007ff805c70000 - 0x00007ff805c84000 	C:\Program Files\JetBrains\IntelliJ IDEA 2019.2.4\jbr\bin\nio.dll
0x00007ff80b7d0000 - 0x00007ff80b897000 	C:\Windows\SYSTEM32\DNSAPI.dll
0x00007ff80e100000 - 0x00007ff80e108000 	C:\Windows\System32\NSI.dll
0x00007ff80b790000 - 0x00007ff80b7cd000 	C:\Windows\SYSTEM32\IPHLPAPI.DLL
0x0000000057070000 - 0x00000000570a5000 	C:\Program Files\Bonjour\mdnsNSP.dll
0x00007ff801570000 - 0x00007ff80157a000 	C:\Windows\System32\rasadhlp.dll
0x00007ff8017d0000 - 0x00007ff801849000 	C:\Windows\System32\fwpuclnt.dll
0x00007ff80cd90000 - 0x00007ff80cdb6000 	C:\Windows\System32\bcrypt.dll
0x00007ff805e80000 - 0x00007ff805e8a000 	C:\Program Files\JetBrains\IntelliJ IDEA 2019.2.4\jbr\bin\management.dll
0x00007ff805c60000 - 0x00007ff805c6c000 	C:\Program Files\JetBrains\IntelliJ IDEA 2019.2.4\jbr\bin\management_ext.dll
0x00007ff80b590000 - 0x00007ff80b5c3000 	C:\Windows\system32\rsaenh.dll
0x00007ff80c140000 - 0x00007ff80c168000 	C:\Windows\SYSTEM32\USERENV.dll
0x00007ff802990000 - 0x00007ff8029a6000 	C:\Windows\SYSTEM32\dhcpcsvc6.DLL
0x00007ff802970000 - 0x00007ff80298c000 	C:\Windows\SYSTEM32\dhcpcsvc.DLL
0x00007ffff33a0000 - 0x00007ffff33b6000 	C:\Windows\system32\napinsp.dll
0x00007fffef3b0000 - 0x00007fffef3ca000 	C:\Windows\system32\pnrpnsp.dll
0x00007ffff3390000 - 0x00007ffff339e000 	C:\Windows\System32\winrnr.dll
0x00007ff808a60000 - 0x00007ff808a7b000 	C:\Windows\system32\NLAapi.dll
0x00007fffef390000 - 0x00007fffef3a5000 	C:\Windows\system32\wshbth.dll

dbghelp: loaded successfully - version: 4.0.5 - missing functions: none
symbol engine: initialized successfully - sym options: 0x614 - pdb path: .;C:\Program Files\JetBrains\IntelliJ IDEA 2019.2.4\jbr\bin;C:\Windows\SYSTEM32;C:\Windows\WinSxS\amd64_microsoft.windows.common-controls_6595b64144ccf1df_6.0.17763.1339_none_de7015e4534c7114;C:\Program Files\JetBrains\IntelliJ IDEA 2019.2.4\jbr\bin\server;C:\Program Files\Bonjour

VM Arguments:
jvm_args: -agentlib:jdwp=transport=dt_socket,address=127.0.0.1:54268,suspend=y,server=n -XX:TieredStopAtLevel=1 -Xverify:none -Dspring.output.ansi.enabled=always -Dcom.sun.management.jmxremote -Dspring.jmx.enabled=true -Dspring.liveBeansView.mbeanDomain -Dspring.application.admin.enabled=true -javaagent:C:\Users\Victor\.IntelliJIdea2019.3\system\captureAgent\debugger-agent.jar -Dfile.encoding=UTF-8 
java_command: com.studio.youtubcom.YoutubcomApplication
java_class_path (initial): F:\Games\youtubcom\target\classes;C:\Users\Victor\.m2\repository\org\springframework\boot\spring-boot-starter-thymeleaf\2.3.1.RELEASE\spring-boot-starter-thymeleaf-2.3.1.RELEASE.jar;C:\Users\Victor\.m2\repository\org\springframework\boot\spring-boot-starter\2.3.1.RELEASE\spring-boot-starter-2.3.1.RELEASE.jar;C:\Users\Victor\.m2\repository\org\springframework\boot\spring-boot-starter-logging\2.3.1.RELEASE\spring-boot-starter-logging-2.3.1.RELEASE.jar;C:\Users\Victor\.m2\repository\ch\qos\logback\logback-classic\1.2.3\logback-classic-1.2.3.jar;C:\Users\Victor\.m2\repository\ch\qos\logback\logback-core\1.2.3\logback-core-1.2.3.jar;C:\Users\Victor\.m2\repository\org\apache\logging\log4j\log4j-to-slf4j\2.13.3\log4j-to-slf4j-2.13.3.jar;C:\Users\Victor\.m2\repository\org\apache\logging\log4j\log4j-api\2.13.3\log4j-api-2.13.3.jar;C:\Users\Victor\.m2\repository\org\slf4j\jul-to-slf4j\1.7.30\jul-to-slf4j-1.7.30.jar;C:\Users\Victor\.m2\repository\jakarta\annotation\jakarta.annotation-api\1.3.5\jakarta.annotation-api-1.3.5.jar;C:\Users\Victor\.m2\repository\org\yaml\snakeyaml\1.26\snakeyaml-1.26.jar;C:\Users\Victor\.m2\repository\org\thymeleaf\thymeleaf-spring5\3.0.11.RELEASE\thymeleaf-spring5-3.0.11.RELEASE.jar;C:\Users\Victor\.m2\repository\org\thymeleaf\thymeleaf\3.0.11.RELEASE\thymeleaf-3.0.11.RELEASE.jar;C:\Users\Victor\.m2\repository\org\attoparser\attoparser\2.0.5.RELEASE\attoparser-2.0.5.RELEASE.jar;C:\Users\Victor\.m2\repository\org\unbescape\unbescape\1.1.6.RELEASE\unbescape-1.1.6.RELEASE.jar;C:\Users\Victor\.m2\repository\org\slf4j\slf4j-api\1.7.30\slf4j-api-1.7.30.jar;C:\Users\Victor\.m2\repository\org\thymeleaf\extras\thymeleaf-extras-java8time\3.0.4.RELEASE\thymeleaf-extras-java8time-3.0.4.RELEASE.jar;C:\Users\Victor\.m2\repository\org\springframework\boot\spring-boot-starter-web\2.3.1.RELEASE\spring-boot-starter-web-2.3.1.RELEASE.jar;C:\Users\Victor\.m2\repository\org\springframework\boot\spring-boot-starter-json\2.3.1.RELEASE\spring-
Launcher Type: SUN_STANDARD

[Global flags]
     bool BytecodeVerificationLocal                = false                                     {product} {command line}
     bool BytecodeVerificationRemote               = false                                     {product} {command line}
     intx CICompilerCount                          = 3                                         {product} {ergonomic}
     uint ConcGCThreads                            = 1                                         {product} {ergonomic}
     uint G1ConcRefinementThreads                  = 4                                         {product} {ergonomic}
   size_t G1HeapRegionSize                         = 1048576                                   {product} {ergonomic}
    uintx GCDrainStackTargetSize                   = 64                                        {product} {ergonomic}
   size_t InitialHeapSize                          = 132120576                                 {product} {ergonomic}
     bool ManagementServer                         = true                                      {product} {command line}
   size_t MarkStackSize                            = 4194304                                   {product} {ergonomic}
   size_t MaxHeapSize                              = 2113929216                                {product} {ergonomic}
   size_t MaxNewSize                               = 1267728384                                {product} {ergonomic}
   size_t MinHeapDeltaBytes                        = 1048576                                   {product} {ergonomic}
    uintx NonNMethodCodeHeapSize                   = 6973028                                {pd product} {ergonomic}
    uintx NonProfiledCodeHeapSize                  = 244685212                              {pd product} {ergonomic}
    uintx ProfiledCodeHeapSize                     = 0                                      {pd product} {ergonomic}
    uintx ReservedCodeCacheSize                    = 251658240                              {pd product} {ergonomic}
     bool SegmentedCodeCache                       = true                                      {product} {ergonomic}
     intx TieredStopAtLevel                        = 1                                         {product} {command line}
     bool UseCompressedClassPointers               = true                                 {lp64_product} {ergonomic}
     bool UseCompressedOops                        = true                                 {lp64_product} {ergonomic}
     bool UseG1GC                                  = true                                      {product} {ergonomic}
     bool UseLargePagesIndividualAllocation        = false                                  {pd product} {ergonomic}

Logging:
Log output configuration:
 #0: stdout all=warning uptime,level,tags
 #1: stderr all=off uptime,level,tags

Environment Variables:
JAVA_HOME=C:\Program Files\Java\jdk-11.0.2
JRE_HOME=C:\Program Files\Java\jre1.8.0_202
PATH=C:\Program Files (x86)\Common Files\Oracle\Java\javapath;F:\FATHER\apache-tomcat-9.0.27\bin;C:\Program Files\Git\cmd;C:\Program Files (x86)\GtkSharp\2.12\bin;C:\Program Files\Dart\dart-sdk\bin;C:\Program Files\Redis\;C:\Users\Victor\AppData\Local\Microsoft\WindowsApps;
USERNAME=Victor
OS=Windows_NT
PROCESSOR_IDENTIFIER=Intel64 Family 6 Model 158 Stepping 9, GenuineIntel



---------------  S Y S T E M  ---------------

OS: Windows 10 , 64 bit Build 17763 (10.0.17763.1339)

CPU:total 4 (initial active 4) (4 cores per cpu, 1 threads per core) family 6 model 158 stepping 9, cmov, cx8, fxsr, mmx, sse, sse2, sse3, ssse3, sse4.1, sse4.2, popcnt, avx, avx2, aes, clmul, erms, rtm, 3dnowpref, lzcnt, tsc, tscinvbit, bmi1, bmi2, adx, fma

Memory: 4k page, system-wide physical 8057M (1150M free)
TotalPageFile size 8857M (AvailPageFile size 14M)
current process WorkingSet (physical memory assigned to process): 167M, peak: 167M
current process commit charge ("private bytes"): 233M, peak: 259M

vm_info: OpenJDK 64-Bit Server VM (11.0.4+10-b520.11) for windows-amd64 JRE (11.0.4+10-b520.11), built on Nov 16 2019 04:35:14 by "" with MS VC++ 14.0 (VS2015)

END.
